#
# There is insufficient memory for the Java Runtime Environment to continue.
# Native memory allocation (mmap) failed to map 169869312 bytes. Error detail: G1 virtual space
# Possible reasons:
#   The system is out of physical RAM or swap space
#   This process is running with CompressedOops enabled, and the Java Heap may be blocking the growth of the native heap
# Possible solutions:
#   Reduce memory load on the system
#   Increase physical memory or swap space
#   Check if swap backing store is full
#   Decrease Java heap size (-Xmx/-Xms)
#   Decrease number of Java threads
#   Decrease Java thread stack sizes (-Xss)
#   Set larger code cache with -XX:ReservedCodeCacheSize=
#   JVM is running with Unscaled Compressed Oops mode in which the Java heap is
#     placed in the first 4GB address space. The Java Heap base address is the
#     maximum limit for the native heap growth. Please use -XX:HeapBaseMinAddress
#     to set the Java Heap base and to place the Java Heap above 4GB virtual address.
# This output file may be truncated or incomplete.
#
#  Out of Memory Error (os_windows.cpp:3710), pid=29448, tid=2448
#
# JRE version: OpenJDK Runtime Environment Microsoft-11926163 (17.0.16+8) (build 17.0.16+8-LTS)
# Java VM: OpenJDK 64-Bit Server VM Microsoft-11926163 (17.0.16+8-LTS, mixed mode, sharing, tiered, compressed oops, compressed class ptrs, g1 gc, windows-amd64)
# No core dump will be written. Minidumps are not enabled by default on client versions of Windows
#

---------------  S U M M A R Y ------------

Command Line: -agentlib:jdwp=transport=dt_socket,address=127.0.0.1:61905,suspend=y,server=n -javaagent:C:\Users\itsly\AppData\Local\JetBrains\IdeaIC2025.2\captureAgent\debugger-agent.jar=file:///C:/Users/itsly/AppData/Local/Temp/capture15034720914030174321.props --enable-preview -Dkotlinx.coroutines.debug.enable.creation.stack.trace=false -Ddebugger.agent.enable.coroutines=true -Dkotlinx.coroutines.debug.enable.flows.stack.trace=true -Dkotlinx.coroutines.debug.enable.mutable.state.flows.stack.trace=true -Dfile.encoding=UTF-8 Start start

Host: AMD Ryzen 7 6800H with Radeon Graphics         , 16 cores, 7G,  Windows 11 , 64 bit Build 26100 (10.0.26100.6725)
Time: Wed Oct 22 10:59:34 2025 Eastern Daylight Time elapsed time: 24.884481 seconds (0d 0h 0m 24s)

---------------  T H R E A D  ---------------

Current thread (0x0000023db8a73de0):  VMThread "VM Thread" [stack: 0x0000008d7b800000,0x0000008d7b900000] [id=2448]

Stack: [0x0000008d7b800000,0x0000008d7b900000]
Native frames: (J=compiled Java code, j=interpreted, Vv=VM code, C=native code)
V  [jvm.dll+0x68ee19]
V  [jvm.dll+0x846249]
V  [jvm.dll+0x847fb8]
V  [jvm.dll+0x848643]
V  [jvm.dll+0x24cf6f]
V  [jvm.dll+0x68bde9]
V  [jvm.dll+0x6803aa]
V  [jvm.dll+0x30ffc0]
V  [jvm.dll+0x30fe62]
V  [jvm.dll+0x3173b9]
V  [jvm.dll+0x3695e9]
V  [jvm.dll+0x36981d]
V  [jvm.dll+0x2e683a]
V  [jvm.dll+0x2e4c31]
V  [jvm.dll+0x2e43cc]
V  [jvm.dll+0x328ceb]
V  [jvm.dll+0x84cecd]
V  [jvm.dll+0x84dbe3]
V  [jvm.dll+0x84e114]
V  [jvm.dll+0x84e4f8]
V  [jvm.dll+0x84e5ee]
V  [jvm.dll+0x7f5e9c]
V  [jvm.dll+0x68dd27]
C  [ucrtbase.dll+0x37b0]
C  [KERNEL32.DLL+0x2e8d7]
C  [ntdll.dll+0x8c53c]

VM_Operation (0x0000008d7b2fdfd0): G1CollectForAllocation, mode: safepoint, requested by thread 0x0000023d9a88ea90


---------------  P R O C E S S  ---------------

Threads class SMR info:
_java_thread_list=0x0000023e43b669b0, length=43, elements={
0x0000023d9a88ea90, 0x0000023db8a7a350, 0x0000023db8a7ef30, 0x0000023db8a8f180,
0x0000023db8a8fc50, 0x0000023db8a92930, 0x0000023db8a93200, 0x0000023db8a973b0,
0x0000023db8aa7d80, 0x0000023db8ab06a0, 0x0000023db9201f00, 0x0000023db92dc810,
0x0000023db93b2c90, 0x0000023db93b3370, 0x0000023db93b5f50, 0x0000023db948f9e0,
0x0000023dffa16690, 0x0000023dffa19420, 0x0000023dffa175c0, 0x0000023d80c124c0,
0x0000023d80c129d0, 0x0000023d80c133f0, 0x0000023d80c11aa0, 0x0000023d80c15c70,
0x0000023d80c17ad0, 0x0000023d80c16690, 0x0000023d80c16ba0, 0x0000023d80c170b0,
0x0000023d80c175c0, 0x0000023dffa16ba0, 0x0000023dffa17ad0, 0x0000023d8121d0f0,
0x0000023d8121ef50, 0x0000023d812cec90, 0x0000023e2d57bf00, 0x0000023e2d579170,
0x0000023e3bf80aa0, 0x0000023e3bf7e730, 0x0000023d80ff6600, 0x0000023e2d57b4e0,
0x0000023e2d57afd0, 0x0000023d81aceb20, 0x0000023e398c2060
}

Java Threads: ( => current thread )
  0x0000023d9a88ea90 JavaThread "Floyd thread" [_thread_blocked, id=30108, stack(0x0000008d7b200000,0x0000008d7b300000)]
  0x0000023db8a7a350 JavaThread "Reference Handler" daemon [_thread_blocked, id=20800, stack(0x0000008d7b900000,0x0000008d7ba00000)]
  0x0000023db8a7ef30 JavaThread "Finalizer" daemon [_thread_blocked, id=28996, stack(0x0000008d7ba00000,0x0000008d7bb00000)]
  0x0000023db8a8f180 JavaThread "Signal Dispatcher" daemon [_thread_blocked, id=29984, stack(0x0000008d7bb00000,0x0000008d7bc00000)]
  0x0000023db8a8fc50 JavaThread "Attach Listener" daemon [_thread_blocked, id=25140, stack(0x0000008d7bc00000,0x0000008d7bd00000)]
  0x0000023db8a92930 JavaThread "Service Thread" daemon [_thread_blocked, id=17908, stack(0x0000008d7bd00000,0x0000008d7be00000)]
  0x0000023db8a93200 JavaThread "Monitor Deflation Thread" daemon [_thread_blocked, id=11536, stack(0x0000008d7be00000,0x0000008d7bf00000)]
  0x0000023db8a973b0 JavaThread "C2 CompilerThread0" daemon [_thread_blocked, id=19376, stack(0x0000008d7bf00000,0x0000008d7c000000)]
  0x0000023db8aa7d80 JavaThread "C1 CompilerThread0" daemon [_thread_blocked, id=20380, stack(0x0000008d7c000000,0x0000008d7c100000)]
  0x0000023db8ab06a0 JavaThread "Sweeper thread" daemon [_thread_blocked, id=29260, stack(0x0000008d7c100000,0x0000008d7c200000)]
  0x0000023db9201f00 JavaThread "Common-Cleaner" daemon [_thread_blocked, id=3884, stack(0x0000008d7c200000,0x0000008d7c300000)]
  0x0000023db92dc810 JavaThread "JDWP Transport Listener: dt_socket" daemon [_thread_blocked, id=23316, stack(0x0000008d7c600000,0x0000008d7c700000)]
  0x0000023db93b2c90 JavaThread "JDWP Event Helper Thread" daemon [_thread_blocked, id=30136, stack(0x0000008d7c700000,0x0000008d7c800000)]
  0x0000023db93b3370 JavaThread "JDWP Command Reader" daemon [_thread_in_native, id=6448, stack(0x0000008d7c800000,0x0000008d7c900000)]
  0x0000023db93b5f50 JavaThread "IntelliJ Suspend Helper" daemon [_thread_blocked, id=28524, stack(0x0000008d7c500000,0x0000008d7c600000)]
  0x0000023db948f9e0 JavaThread "Notification Thread" daemon [_thread_blocked, id=21904, stack(0x0000008d7c900000,0x0000008d7ca00000)]
  0x0000023dffa16690 JavaThread "Snooper Timer" daemon [_thread_blocked, id=26556, stack(0x0000008d7d900000,0x0000008d7da00000)]
  0x0000023dffa19420 JavaThread "Snooper Timer" daemon [_thread_blocked, id=16856, stack(0x0000008d7da00000,0x0000008d7db00000)]
  0x0000023dffa175c0 JavaThread "Timer hack thread" daemon [_thread_blocked, id=9116, stack(0x0000008d7c300000,0x0000008d7c400000)]
  0x0000023d80c124c0 JavaThread "Java2D Disposer" daemon [_thread_blocked, id=26736, stack(0x0000008d7e300000,0x0000008d7e400000)]
  0x0000023d80c129d0 JavaThread "Thread-5" [_thread_blocked, id=29328, stack(0x0000008d7e500000,0x0000008d7e600000)]
  0x0000023d80c133f0 JavaThread "Thread-6" [_thread_blocked, id=12388, stack(0x0000008d7e600000,0x0000008d7e700000)]
  0x0000023d80c11aa0 JavaThread "Chunk Batcher 0" daemon [_thread_blocked, id=29080, stack(0x0000008d7ea00000,0x0000008d7eb00000)]
  0x0000023d80c15c70 JavaThread "Chunk Batcher 1" daemon [_thread_blocked, id=25500, stack(0x0000008d7eb00000,0x0000008d7ec00000)]
  0x0000023d80c17ad0 JavaThread "Chunk Batcher 2" daemon [_thread_blocked, id=18976, stack(0x0000008d7ec00000,0x0000008d7ed00000)]
  0x0000023d80c16690 JavaThread "Chunk Batcher 3" daemon [_thread_blocked, id=29128, stack(0x0000008d7ed00000,0x0000008d7ee00000)]
  0x0000023d80c16ba0 JavaThread "Chunk Batcher 4" daemon [_thread_blocked, id=30312, stack(0x0000008d7ee00000,0x0000008d7ef00000)]
  0x0000023d80c170b0 JavaThread "Chunk Batcher 5" daemon [_thread_blocked, id=6020, stack(0x0000008d7ef00000,0x0000008d7f000000)]
  0x0000023d80c175c0 JavaThread "Chunk Batcher 6" daemon [_thread_blocked, id=29380, stack(0x0000008d7f000000,0x0000008d7f100000)]
  0x0000023dffa16ba0 JavaThread "Chunk Batcher 7" daemon [_thread_blocked, id=27412, stack(0x0000008d7f100000,0x0000008d7f200000)]
  0x0000023dffa17ad0 JavaThread "Chunk Batcher 8" daemon [_thread_blocked, id=30072, stack(0x0000008d7f200000,0x0000008d7f300000)]
  0x0000023d8121d0f0 JavaThread "Chunk Batcher 9" daemon [_thread_blocked, id=24524, stack(0x0000008d7f300000,0x0000008d7f400000)]
  0x0000023d8121ef50 JavaThread "Chunk Batcher 10" daemon [_thread_blocked, id=25668, stack(0x0000008d7f400000,0x0000008d7f500000)]
  0x0000023d812cec90 JavaThread "AWT-Windows" daemon [_thread_in_native, id=24228, stack(0x0000008d7e400000,0x0000008d7e500000)]
  0x0000023e2d57bf00 JavaThread "pool-7-thread-1" [_thread_blocked, id=6864, stack(0x0000008d00a00000,0x0000008d00b00000)]
  0x0000023e2d579170 JavaThread "Floyd-Main-Thread" daemon [_thread_blocked, id=19068, stack(0x0000008d00b00000,0x0000008d00c00000)]
  0x0000023e3bf80aa0 JavaThread "LWJGL Timer" daemon [_thread_blocked, id=28384, stack(0x0000008d00c00000,0x0000008d00d00000)]
  0x0000023e3bf7e730 JavaThread "pool-7-thread-2" [_thread_blocked, id=21236, stack(0x0000008d00d00000,0x0000008d00e00000)]
  0x0000023d80ff6600 JavaThread "Keep-Alive-Timer" daemon [_thread_blocked, id=28380, stack(0x0000008d01e00000,0x0000008d01f00000)]
  0x0000023e2d57b4e0 JavaThread "Via Async Scheduler 0" [_thread_blocked, id=10492, stack(0x0000008d00900000,0x0000008d00a00000)]
  0x0000023e2d57afd0 JavaThread "Via Async Task 0" [_thread_blocked, id=19060, stack(0x0000008d01f00000,0x0000008d02000000)]
  0x0000023d81aceb20 JavaThread "Via Async Task 1" [_thread_blocked, id=12256, stack(0x0000008d00e00000,0x0000008d00f00000)]
  0x0000023e398c2060 JavaThread "C2 CompilerThread1" daemon [_thread_blocked, id=12076, stack(0x0000008d00500000,0x0000008d00600000)]

Other Threads:
=>0x0000023db8a73de0 VMThread "VM Thread" [stack: 0x0000008d7b800000,0x0000008d7b900000] [id=2448]
  0x0000023db9411330 WatcherThread [stack: 0x0000008d7ca00000,0x0000008d7cb00000] [id=11160]
  0x0000023d9a8e6640 GCTaskThread "GC Thread#0" [stack: 0x0000008d7b300000,0x0000008d7b400000] [id=22192]
  0x0000023db95724a0 GCTaskThread "GC Thread#1" [stack: 0x0000008d7cd00000,0x0000008d7ce00000] [id=22752]
  0x0000023db9572a20 GCTaskThread "GC Thread#2" [stack: 0x0000008d7ce00000,0x0000008d7cf00000] [id=22568]
  0x0000023db9572ce0 GCTaskThread "GC Thread#3" [stack: 0x0000008d7cf00000,0x0000008d7d000000] [id=17952]
  0x0000023db9573520 GCTaskThread "GC Thread#4" [stack: 0x0000008d7d000000,0x0000008d7d100000] [id=15972]
  0x0000023dff88c7d0 GCTaskThread "GC Thread#5" [stack: 0x0000008d7d100000,0x0000008d7d200000] [id=24200]
  0x0000023dff88c250 GCTaskThread "GC Thread#6" [stack: 0x0000008d7d200000,0x0000008d7d300000] [id=23060]
  0x0000023dff88a6d0 GCTaskThread "GC Thread#7" [stack: 0x0000008d7d300000,0x0000008d7d400000] [id=25384]
  0x0000023dff88ac50 GCTaskThread "GC Thread#8" [stack: 0x0000008d7d400000,0x0000008d7d500000] [id=28112]
  0x0000023dff8890d0 GCTaskThread "GC Thread#9" [stack: 0x0000008d7d500000,0x0000008d7d600000] [id=28788]
  0x0000023dff88bf90 GCTaskThread "GC Thread#10" [stack: 0x0000008d7d600000,0x0000008d7d700000] [id=30184]
  0x0000023dff88ca90 GCTaskThread "GC Thread#11" [stack: 0x0000008d7d700000,0x0000008d7d800000] [id=20060]
  0x0000023dff889650 GCTaskThread "GC Thread#12" [stack: 0x0000008d7d800000,0x0000008d7d900000] [id=1768]
  0x0000023d9a913670 ConcurrentGCThread "G1 Main Marker" [stack: 0x0000008d7b400000,0x0000008d7b500000] [id=29724]
  0x0000023d9a9156e0 ConcurrentGCThread "G1 Conc#0" [stack: 0x0000008d7b500000,0x0000008d7b600000] [id=1864]
  0x0000023d80883120 ConcurrentGCThread "G1 Conc#1" [stack: 0x0000008d7dc00000,0x0000008d7dd00000] [id=17276]
  0x0000023d80883c20 ConcurrentGCThread "G1 Conc#2" [stack: 0x0000008d7dd00000,0x0000008d7de00000] [id=17488]
  0x0000023db892d7a0 ConcurrentGCThread "G1 Refine#0" [stack: 0x0000008d7b600000,0x0000008d7b700000] [id=29960]
  0x0000023d81fc8b20 ConcurrentGCThread "G1 Refine#1" [stack: 0x0000008d00600000,0x0000008d00700000] [id=29900]
  0x0000023d81fc5f10 ConcurrentGCThread "G1 Refine#2" [stack: 0x0000008d00700000,0x0000008d00800000] [id=30376]
  0x0000023db892f080 ConcurrentGCThread "G1 Service" [stack: 0x0000008d7b700000,0x0000008d7b800000] [id=19268]

Threads with active compile tasks:
C2 CompilerThread0    24922 7898       4       sun.java2d.SunGraphics2D::checkFontInfo (760 bytes)
C2 CompilerThread1    24922 7896       4       java.awt.FontMetrics::getStringBounds (14 bytes)

VM state: at safepoint (normal execution)

VM Mutex/Monitor currently owned by a thread:  ([mutex/lock_event])
[0x0000023d9a8892e0] Threads_lock - owner thread: 0x0000023db8a73de0
[0x0000023d9a888a70] Heap_lock - owner thread: 0x0000023d9a88ea90

Heap address: 0x000000008c000000, size: 1856 MB, Compressed Oops mode: 32-bit

CDS archive(s) mapped at: [0x0000023dba000000-0x0000023dbabb0000-0x0000023dbabb0000), size 12255232, SharedBaseAddress: 0x0000023dba000000, ArchiveRelocationMode: 1.
Compressed class space mapped at: 0x0000023dbb000000-0x0000023dfb000000, reserved size: 1073741824
Narrow klass base: 0x0000023dba000000, Narrow klass shift: 0, Narrow klass range: 0x100000000

GC Precious Log:
 CPUs: 16 total, 16 available
 Memory: 7421M
 Large Page Support: Disabled
 NUMA Support: Disabled
 Compressed Oops: Enabled (32-bit)
 Heap Region Size: 1M
 Heap Min Capacity: 8M
 Heap Initial Capacity: 116M
 Heap Max Capacity: 1856M
 Pre-touch: Disabled
 Parallel Workers: 13
 Concurrent Workers: 3
 Concurrent Refinement Workers: 13
 Periodic GC: Disabled

Heap:
 garbage-first heap   total 208896K, used 121742K [0x000000008c000000, 0x0000000100000000)
  region size 1024K, 5 young (5120K), 5 survivors (5120K)
 Metaspace       used 62076K, committed 62464K, reserved 1114112K
  class space    used 8112K, committed 8320K, reserved 1048576K

Heap Regions: E=young(eden), S=young(survivor), O=old, HS=humongous(starts), HC=humongous(continues), CS=collection set, F=free, OA=open archive, CA=closed archive, TAMS=top-at-mark-start (previous, next)
|   0|0x000000008c000000, 0x000000008c100000, 0x000000008c100000|100%| O|  |TAMS 0x000000008c100000, 0x000000008c100000| Untracked 
|   1|0x000000008c100000, 0x000000008c200000, 0x000000008c200000|100%| O|  |TAMS 0x000000008c200000, 0x000000008c200000| Untracked 
|   2|0x000000008c200000, 0x000000008c300000, 0x000000008c300000|100%|HS|  |TAMS 0x000000008c300000, 0x000000008c300000| Complete 
|   3|0x000000008c300000, 0x000000008c400000, 0x000000008c400000|100%|HC|  |TAMS 0x000000008c400000, 0x000000008c400000| Complete 
|   4|0x000000008c400000, 0x000000008c500000, 0x000000008c500000|100%|HC|  |TAMS 0x000000008c500000, 0x000000008c500000| Complete 
|   5|0x000000008c500000, 0x000000008c600000, 0x000000008c600000|100%|HC|  |TAMS 0x000000008c600000, 0x000000008c600000| Complete 
|   6|0x000000008c600000, 0x000000008c700000, 0x000000008c700000|100%|HC|  |TAMS 0x000000008c700000, 0x000000008c700000| Complete 
|   7|0x000000008c700000, 0x000000008c800000, 0x000000008c800000|100%|HC|  |TAMS 0x000000008c800000, 0x000000008c800000| Complete 
|   8|0x000000008c800000, 0x000000008c900000, 0x000000008c900000|100%|HC|  |TAMS 0x000000008c900000, 0x000000008c900000| Complete 
|   9|0x000000008c900000, 0x000000008ca00000, 0x000000008ca00000|100%|HC|  |TAMS 0x000000008ca00000, 0x000000008ca00000| Complete 
|  10|0x000000008ca00000, 0x000000008cb00000, 0x000000008cb00000|100%|HC|  |TAMS 0x000000008cb00000, 0x000000008cb00000| Complete 
|  11|0x000000008cb00000, 0x000000008cc00000, 0x000000008cc00000|100%|HC|  |TAMS 0x000000008cc00000, 0x000000008cc00000| Complete 
|  12|0x000000008cc00000, 0x000000008cd00000, 0x000000008cd00000|100%|HC|  |TAMS 0x000000008cd00000, 0x000000008cd00000| Complete 
|  13|0x000000008cd00000, 0x000000008ce00000, 0x000000008ce00000|100%| O|  |TAMS 0x000000008ce00000, 0x000000008ce00000| Untracked 
|  14|0x000000008ce00000, 0x000000008cf00000, 0x000000008cf00000|100%| O|  |TAMS 0x000000008cf00000, 0x000000008cf00000| Untracked 
|  15|0x000000008cf00000, 0x000000008d000000, 0x000000008d000000|100%| O|  |TAMS 0x000000008d000000, 0x000000008d000000| Untracked 
|  16|0x000000008d000000, 0x000000008d100000, 0x000000008d100000|100%| O|  |TAMS 0x000000008d100000, 0x000000008d100000| Untracked 
|  17|0x000000008d100000, 0x000000008d200000, 0x000000008d200000|100%| O|  |TAMS 0x000000008d200000, 0x000000008d200000| Untracked 
|  18|0x000000008d200000, 0x000000008d300000, 0x000000008d300000|100%| O|  |TAMS 0x000000008d300000, 0x000000008d300000| Untracked 
|  19|0x000000008d300000, 0x000000008d400000, 0x000000008d400000|100%| O|  |TAMS 0x000000008d400000, 0x000000008d400000| Untracked 
|  20|0x000000008d400000, 0x000000008d500000, 0x000000008d500000|100%| O|  |TAMS 0x000000008d500000, 0x000000008d500000| Untracked 
|  21|0x000000008d500000, 0x000000008d600000, 0x000000008d600000|100%| O|  |TAMS 0x000000008d600000, 0x000000008d600000| Untracked 
|  22|0x000000008d600000, 0x000000008d700000, 0x000000008d700000|100%| O|  |TAMS 0x000000008d700000, 0x000000008d700000| Untracked 
|  23|0x000000008d700000, 0x000000008d800000, 0x000000008d800000|100%| O|  |TAMS 0x000000008d800000, 0x000000008d800000| Untracked 
|  24|0x000000008d800000, 0x000000008d900000, 0x000000008d900000|100%| O|  |TAMS 0x000000008d900000, 0x000000008d900000| Untracked 
|  25|0x000000008d900000, 0x000000008da00000, 0x000000008da00000|100%| O|  |TAMS 0x000000008da00000, 0x000000008da00000| Untracked 
|  26|0x000000008da00000, 0x000000008db00000, 0x000000008db00000|100%| O|  |TAMS 0x000000008db00000, 0x000000008db00000| Untracked 
|  27|0x000000008db00000, 0x000000008dc00000, 0x000000008dc00000|100%| O|  |TAMS 0x000000008dc00000, 0x000000008dc00000| Untracked 
|  28|0x000000008dc00000, 0x000000008dd00000, 0x000000008dd00000|100%| O|  |TAMS 0x000000008dd00000, 0x000000008dd00000| Untracked 
|  29|0x000000008dd00000, 0x000000008de00000, 0x000000008de00000|100%| O|  |TAMS 0x000000008de00000, 0x000000008de00000| Untracked 
|  30|0x000000008de00000, 0x000000008df00000, 0x000000008df00000|100%| O|  |TAMS 0x000000008df00000, 0x000000008df00000| Untracked 
|  31|0x000000008df00000, 0x000000008e000000, 0x000000008e000000|100%| O|  |TAMS 0x000000008e000000, 0x000000008e000000| Untracked 
|  32|0x000000008e000000, 0x000000008e100000, 0x000000008e100000|100%| O|  |TAMS 0x000000008e100000, 0x000000008e100000| Untracked 
|  33|0x000000008e100000, 0x000000008e200000, 0x000000008e200000|100%| O|  |TAMS 0x000000008e200000, 0x000000008e200000| Untracked 
|  34|0x000000008e200000, 0x000000008e300000, 0x000000008e300000|100%| O|  |TAMS 0x000000008e300000, 0x000000008e300000| Untracked 
|  35|0x000000008e300000, 0x000000008e400000, 0x000000008e400000|100%| O|  |TAMS 0x000000008e400000, 0x000000008e400000| Untracked 
|  36|0x000000008e400000, 0x000000008e500000, 0x000000008e500000|100%| O|  |TAMS 0x000000008e500000, 0x000000008e500000| Untracked 
|  37|0x000000008e500000, 0x000000008e600000, 0x000000008e600000|100%| O|  |TAMS 0x000000008e600000, 0x000000008e600000| Untracked 
|  38|0x000000008e600000, 0x000000008e700000, 0x000000008e700000|100%| O|  |TAMS 0x000000008e700000, 0x000000008e700000| Untracked 
|  39|0x000000008e700000, 0x000000008e800000, 0x000000008e800000|100%| O|  |TAMS 0x000000008e800000, 0x000000008e800000| Untracked 
|  40|0x000000008e800000, 0x000000008e900000, 0x000000008e900000|100%| O|  |TAMS 0x000000008e900000, 0x000000008e900000| Untracked 
|  41|0x000000008e900000, 0x000000008ea00000, 0x000000008ea00000|100%|HS|  |TAMS 0x000000008ea00000, 0x000000008ea00000| Complete 
|  42|0x000000008ea00000, 0x000000008eb00000, 0x000000008eb00000|100%|HC|  |TAMS 0x000000008eb00000, 0x000000008eb00000| Complete 
|  43|0x000000008eb00000, 0x000000008ec00000, 0x000000008ec00000|100%|HC|  |TAMS 0x000000008ec00000, 0x000000008ec00000| Complete 
|  44|0x000000008ec00000, 0x000000008ed00000, 0x000000008ed00000|100%|HC|  |TAMS 0x000000008ed00000, 0x000000008ed00000| Complete 
|  45|0x000000008ed00000, 0x000000008ee00000, 0x000000008ee00000|100%|HC|  |TAMS 0x000000008ee00000, 0x000000008ee00000| Complete 
|  46|0x000000008ee00000, 0x000000008ef00000, 0x000000008ef00000|100%|HC|  |TAMS 0x000000008ef00000, 0x000000008ef00000| Complete 
|  47|0x000000008ef00000, 0x000000008f000000, 0x000000008f000000|100%|HC|  |TAMS 0x000000008f000000, 0x000000008f000000| Complete 
|  48|0x000000008f000000, 0x000000008f100000, 0x000000008f100000|100%|HC|  |TAMS 0x000000008f100000, 0x000000008f100000| Complete 
|  49|0x000000008f100000, 0x000000008f200000, 0x000000008f200000|100%|HC|  |TAMS 0x000000008f200000, 0x000000008f200000| Complete 
|  50|0x000000008f200000, 0x000000008f300000, 0x000000008f300000|100%|HC|  |TAMS 0x000000008f300000, 0x000000008f300000| Complete 
|  51|0x000000008f300000, 0x000000008f400000, 0x000000008f400000|100%|HC|  |TAMS 0x000000008f400000, 0x000000008f400000| Complete 
|  52|0x000000008f400000, 0x000000008f500000, 0x000000008f500000|100%|HC|  |TAMS 0x000000008f500000, 0x000000008f500000| Complete 
|  53|0x000000008f500000, 0x000000008f600000, 0x000000008f600000|100%|HC|  |TAMS 0x000000008f600000, 0x000000008f600000| Complete 
|  54|0x000000008f600000, 0x000000008f700000, 0x000000008f700000|100%|HC|  |TAMS 0x000000008f700000, 0x000000008f700000| Complete 
|  55|0x000000008f700000, 0x000000008f800000, 0x000000008f800000|100%|HC|  |TAMS 0x000000008f800000, 0x000000008f800000| Complete 
|  56|0x000000008f800000, 0x000000008f900000, 0x000000008f900000|100%|HC|  |TAMS 0x000000008f900000, 0x000000008f900000| Complete 
|  57|0x000000008f900000, 0x000000008fa00000, 0x000000008fa00000|100%|HC|  |TAMS 0x000000008fa00000, 0x000000008fa00000| Complete 
|  58|0x000000008fa00000, 0x000000008fb00000, 0x000000008fb00000|100%|HS|  |TAMS 0x000000008fb00000, 0x000000008fb00000| Complete 
|  59|0x000000008fb00000, 0x000000008fc00000, 0x000000008fc00000|100%|HC|  |TAMS 0x000000008fc00000, 0x000000008fc00000| Complete 
|  60|0x000000008fc00000, 0x000000008fd00000, 0x000000008fd00000|100%|HC|  |TAMS 0x000000008fd00000, 0x000000008fd00000| Complete 
|  61|0x000000008fd00000, 0x000000008fe00000, 0x000000008fe00000|100%|HC|  |TAMS 0x000000008fe00000, 0x000000008fe00000| Complete 
|  62|0x000000008fe00000, 0x000000008ff00000, 0x000000008ff00000|100%|HC|  |TAMS 0x000000008ff00000, 0x000000008ff00000| Complete 
|  63|0x000000008ff00000, 0x000000008ffe3a00, 0x0000000090000000| 88%| O|  |TAMS 0x000000008ff00000, 0x000000008ff00000| Untracked 
|  64|0x0000000090000000, 0x0000000090000000, 0x0000000090100000|  0%| F|  |TAMS 0x0000000090000000, 0x0000000090000000| Untracked 
|  65|0x0000000090100000, 0x0000000090200000, 0x0000000090200000|100%| O|  |TAMS 0x0000000090200000, 0x0000000090200000| Untracked 
|  66|0x0000000090200000, 0x0000000090300000, 0x0000000090300000|100%| O|  |TAMS 0x0000000090300000, 0x0000000090300000| Untracked 
|  67|0x0000000090300000, 0x0000000090400000, 0x0000000090400000|100%| O|  |TAMS 0x0000000090400000, 0x0000000090400000| Untracked 
|  68|0x0000000090400000, 0x0000000090500000, 0x0000000090500000|100%| O|  |TAMS 0x0000000090500000, 0x0000000090500000| Untracked 
|  69|0x0000000090500000, 0x0000000090600000, 0x0000000090600000|100%| O|  |TAMS 0x0000000090600000, 0x0000000090600000| Untracked 
|  70|0x0000000090600000, 0x0000000090700000, 0x0000000090700000|100%| O|  |TAMS 0x0000000090700000, 0x0000000090700000| Untracked 
|  71|0x0000000090700000, 0x0000000090800000, 0x0000000090800000|100%| O|  |TAMS 0x0000000090800000, 0x0000000090800000| Untracked 
|  72|0x0000000090800000, 0x0000000090900000, 0x0000000090900000|100%| O|  |TAMS 0x0000000090900000, 0x0000000090900000| Untracked 
|  73|0x0000000090900000, 0x0000000090a00000, 0x0000000090a00000|100%| O|  |TAMS 0x0000000090a00000, 0x0000000090a00000| Untracked 
|  74|0x0000000090a00000, 0x0000000090b00000, 0x0000000090b00000|100%| O|  |TAMS 0x0000000090b00000, 0x0000000090b00000| Untracked 
|  75|0x0000000090b00000, 0x0000000090c00000, 0x0000000090c00000|100%| O|  |TAMS 0x0000000090c00000, 0x0000000090c00000| Untracked 
|  76|0x0000000090c00000, 0x0000000090d00000, 0x0000000090d00000|100%| O|  |TAMS 0x0000000090d00000, 0x0000000090d00000| Untracked 
|  77|0x0000000090d00000, 0x0000000090e00000, 0x0000000090e00000|100%| O|  |TAMS 0x0000000090d00000, 0x0000000090e00000| Untracked 
|  78|0x0000000090e00000, 0x0000000090f00000, 0x0000000090f00000|100%| O|  |TAMS 0x0000000090f00000, 0x0000000090f00000| Untracked 
|  79|0x0000000090f00000, 0x0000000091000000, 0x0000000091000000|100%| O|  |TAMS 0x0000000091000000, 0x0000000091000000| Untracked 
|  80|0x0000000091000000, 0x0000000091100000, 0x0000000091100000|100%| O|  |TAMS 0x0000000091100000, 0x0000000091100000| Untracked 
|  81|0x0000000091100000, 0x0000000091200000, 0x0000000091200000|100%| O|  |TAMS 0x0000000091200000, 0x0000000091200000| Untracked 
|  82|0x0000000091200000, 0x0000000091300000, 0x0000000091300000|100%| O|  |TAMS 0x0000000091300000, 0x0000000091300000| Untracked 
|  83|0x0000000091300000, 0x0000000091400000, 0x0000000091400000|100%| O|  |TAMS 0x0000000091400000, 0x0000000091400000| Untracked 
|  84|0x0000000091400000, 0x0000000091500000, 0x0000000091500000|100%| O|  |TAMS 0x0000000091500000, 0x0000000091500000| Untracked 
|  85|0x0000000091500000, 0x0000000091600000, 0x0000000091600000|100%| O|  |TAMS 0x0000000091600000, 0x0000000091600000| Untracked 
|  86|0x0000000091600000, 0x0000000091700000, 0x0000000091700000|100%| O|  |TAMS 0x0000000091700000, 0x0000000091700000| Untracked 
|  87|0x0000000091700000, 0x0000000091800000, 0x0000000091800000|100%| O|  |TAMS 0x0000000091700000, 0x0000000091800000| Untracked 
|  88|0x0000000091800000, 0x0000000091900000, 0x0000000091900000|100%| O|  |TAMS 0x0000000091800000, 0x0000000091900000| Untracked 
|  89|0x0000000091900000, 0x0000000091900000, 0x0000000091a00000|  0%| F|  |TAMS 0x0000000091900000, 0x0000000091900000| Untracked 
|  90|0x0000000091a00000, 0x0000000091b00000, 0x0000000091b00000|100%| O|  |TAMS 0x0000000091b00000, 0x0000000091b00000| Untracked 
|  91|0x0000000091b00000, 0x0000000091c00000, 0x0000000091c00000|100%| O|  |TAMS 0x0000000091c00000, 0x0000000091c00000| Untracked 
|  92|0x0000000091c00000, 0x0000000091d00000, 0x0000000091d00000|100%| O|  |TAMS 0x0000000091d00000, 0x0000000091d00000| Untracked 
|  93|0x0000000091d00000, 0x0000000091e00000, 0x0000000091e00000|100%| O|  |TAMS 0x0000000091e00000, 0x0000000091e00000| Untracked 
|  94|0x0000000091e00000, 0x0000000091f00000, 0x0000000091f00000|100%| O|  |TAMS 0x0000000091f00000, 0x0000000091f00000| Untracked 
|  95|0x0000000091f00000, 0x0000000092000000, 0x0000000092000000|100%| O|  |TAMS 0x0000000092000000, 0x0000000092000000| Untracked 
|  96|0x0000000092000000, 0x0000000092100000, 0x0000000092100000|100%| O|  |TAMS 0x0000000092100000, 0x0000000092100000| Untracked 
|  97|0x0000000092100000, 0x0000000092200000, 0x0000000092200000|100%| O|  |TAMS 0x0000000092200000, 0x0000000092200000| Untracked 
|  98|0x0000000092200000, 0x0000000092300000, 0x0000000092300000|100%| O|  |TAMS 0x0000000092300000, 0x0000000092300000| Untracked 
|  99|0x0000000092300000, 0x0000000092400000, 0x0000000092400000|100%| O|  |TAMS 0x0000000092400000, 0x0000000092400000| Untracked 
| 100|0x0000000092400000, 0x0000000092500000, 0x0000000092500000|100%| O|  |TAMS 0x0000000092500000, 0x0000000092500000| Untracked 
| 101|0x0000000092500000, 0x0000000092600000, 0x0000000092600000|100%| O|  |TAMS 0x0000000092600000, 0x0000000092600000| Untracked 
| 102|0x0000000092600000, 0x0000000092700000, 0x0000000092700000|100%| O|  |TAMS 0x0000000092700000, 0x0000000092700000| Untracked 
| 103|0x0000000092700000, 0x0000000092800000, 0x0000000092800000|100%| O|  |TAMS 0x0000000092800000, 0x0000000092800000| Untracked 
| 104|0x0000000092800000, 0x0000000092900000, 0x0000000092900000|100%| O|  |TAMS 0x0000000092900000, 0x0000000092900000| Untracked 
| 105|0x0000000092900000, 0x0000000092a00000, 0x0000000092a00000|100%| O|  |TAMS 0x0000000092970c00, 0x0000000092a00000| Untracked 
| 106|0x0000000092a00000, 0x0000000092b00000, 0x0000000092b00000|100%| O|  |TAMS 0x0000000092a00000, 0x0000000092b00000| Untracked 
| 107|0x0000000092b00000, 0x0000000092c00000, 0x0000000092c00000|100%| O|  |TAMS 0x0000000092b00000, 0x0000000092c00000| Untracked 
| 108|0x0000000092c00000, 0x0000000092d00000, 0x0000000092d00000|100%| O|  |TAMS 0x0000000092c00000, 0x0000000092d00000| Untracked 
| 109|0x0000000092d00000, 0x0000000092e00000, 0x0000000092e00000|100%| O|  |TAMS 0x0000000092d00000, 0x0000000092e00000| Untracked 
| 110|0x0000000092e00000, 0x0000000092f00000, 0x0000000092f00000|100%| O|  |TAMS 0x0000000092e00000, 0x0000000092f00000| Untracked 
| 111|0x0000000092f00000, 0x0000000093000000, 0x0000000093000000|100%| O|  |TAMS 0x0000000092f00000, 0x0000000093000000| Untracked 
| 112|0x0000000093000000, 0x0000000093100000, 0x0000000093100000|100%| O|  |TAMS 0x0000000093000000, 0x0000000093100000| Untracked 
| 113|0x0000000093100000, 0x0000000093200000, 0x0000000093200000|100%| O|  |TAMS 0x0000000093100000, 0x0000000093200000| Untracked 
| 114|0x0000000093200000, 0x0000000093300000, 0x0000000093300000|100%| O|  |TAMS 0x0000000093200000, 0x0000000093300000| Untracked 
| 115|0x0000000093300000, 0x0000000093400000, 0x0000000093400000|100%| O|  |TAMS 0x0000000093300000, 0x00000000933ac200| Untracked 
| 116|0x0000000093400000, 0x0000000093400000, 0x0000000093500000|  0%| F|  |TAMS 0x0000000093400000, 0x0000000093400000| Untracked 
| 117|0x0000000093500000, 0x0000000093500000, 0x0000000093600000|  0%| F|  |TAMS 0x0000000093500000, 0x0000000093500000| Untracked 
| 118|0x0000000093600000, 0x0000000093600000, 0x0000000093700000|  0%| F|  |TAMS 0x0000000093600000, 0x0000000093600000| Untracked 
| 119|0x0000000093700000, 0x0000000093700000, 0x0000000093800000|  0%| F|  |TAMS 0x0000000093700000, 0x0000000093700000| Untracked 
| 120|0x0000000093800000, 0x0000000093800000, 0x0000000093900000|  0%| F|  |TAMS 0x0000000093800000, 0x0000000093800000| Untracked 
| 121|0x0000000093900000, 0x0000000093900000, 0x0000000093a00000|  0%| F|  |TAMS 0x0000000093900000, 0x0000000093900000| Untracked 
| 122|0x0000000093a00000, 0x0000000093a00000, 0x0000000093b00000|  0%| F|  |TAMS 0x0000000093a00000, 0x0000000093a00000| Untracked 
| 123|0x0000000093b00000, 0x0000000093b00000, 0x0000000093c00000|  0%| F|  |TAMS 0x0000000093b00000, 0x0000000093b00000| Untracked 
| 124|0x0000000093c00000, 0x0000000093c00000, 0x0000000093d00000|  0%| F|  |TAMS 0x0000000093c00000, 0x0000000093c00000| Untracked 
| 125|0x0000000093d00000, 0x0000000093d00000, 0x0000000093e00000|  0%| F|  |TAMS 0x0000000093d00000, 0x0000000093d00000| Untracked 
| 126|0x0000000093e00000, 0x0000000093e00000, 0x0000000093f00000|  0%| F|  |TAMS 0x0000000093e00000, 0x0000000093e00000| Untracked 
| 127|0x0000000093f00000, 0x0000000093f00000, 0x0000000094000000|  0%| F|  |TAMS 0x0000000093f00000, 0x0000000093f00000| Untracked 
| 128|0x0000000094000000, 0x0000000094000000, 0x0000000094100000|  0%| F|  |TAMS 0x0000000094000000, 0x0000000094000000| Untracked 
| 129|0x0000000094100000, 0x0000000094100000, 0x0000000094200000|  0%| F|  |TAMS 0x0000000094100000, 0x0000000094100000| Untracked 
| 130|0x0000000094200000, 0x0000000094200000, 0x0000000094300000|  0%| F|  |TAMS 0x0000000094200000, 0x0000000094200000| Untracked 
| 131|0x0000000094300000, 0x0000000094300000, 0x0000000094400000|  0%| F|  |TAMS 0x0000000094300000, 0x0000000094300000| Untracked 
| 132|0x0000000094400000, 0x0000000094400000, 0x0000000094500000|  0%| F|  |TAMS 0x0000000094400000, 0x0000000094400000| Untracked 
| 133|0x0000000094500000, 0x0000000094500000, 0x0000000094600000|  0%| F|  |TAMS 0x0000000094500000, 0x0000000094500000| Untracked 
| 134|0x0000000094600000, 0x0000000094600000, 0x0000000094700000|  0%| F|  |TAMS 0x0000000094600000, 0x0000000094600000| Untracked 
| 135|0x0000000094700000, 0x0000000094700000, 0x0000000094800000|  0%| F|  |TAMS 0x0000000094700000, 0x0000000094700000| Untracked 
| 136|0x0000000094800000, 0x0000000094800000, 0x0000000094900000|  0%| F|  |TAMS 0x0000000094800000, 0x0000000094800000| Untracked 
| 137|0x0000000094900000, 0x0000000094900000, 0x0000000094a00000|  0%| F|  |TAMS 0x0000000094900000, 0x0000000094900000| Untracked 
| 138|0x0000000094a00000, 0x0000000094a00000, 0x0000000094b00000|  0%| F|  |TAMS 0x0000000094a00000, 0x0000000094a00000| Untracked 
| 139|0x0000000094b00000, 0x0000000094b00000, 0x0000000094c00000|  0%| F|  |TAMS 0x0000000094b00000, 0x0000000094b00000| Untracked 
| 140|0x0000000094c00000, 0x0000000094c00000, 0x0000000094d00000|  0%| F|  |TAMS 0x0000000094c00000, 0x0000000094c00000| Untracked 
| 141|0x0000000094d00000, 0x0000000094d00000, 0x0000000094e00000|  0%| F|  |TAMS 0x0000000094d00000, 0x0000000094d00000| Untracked 
| 142|0x0000000094e00000, 0x0000000094f00000, 0x0000000094f00000|100%| S|CS|TAMS 0x0000000094e00000, 0x0000000094e00000| Complete 
| 143|0x0000000094f00000, 0x0000000095000000, 0x0000000095000000|100%| S|CS|TAMS 0x0000000094f00000, 0x0000000094f00000| Complete 
| 144|0x0000000095000000, 0x0000000095100000, 0x0000000095100000|100%| S|CS|TAMS 0x0000000095000000, 0x0000000095000000| Complete 
| 145|0x0000000095100000, 0x0000000095200000, 0x0000000095200000|100%| S|CS|TAMS 0x0000000095100000, 0x0000000095100000| Complete 
| 146|0x0000000095200000, 0x0000000095300000, 0x0000000095300000|100%| S|CS|TAMS 0x0000000095200000, 0x0000000095200000| Complete 
| 147|0x0000000095300000, 0x0000000095300000, 0x0000000095400000|  0%| F|  |TAMS 0x0000000095300000, 0x0000000095300000| Untracked 
| 148|0x0000000095400000, 0x0000000095400000, 0x0000000095500000|  0%| F|  |TAMS 0x0000000095400000, 0x0000000095400000| Untracked 
| 149|0x0000000095500000, 0x0000000095500000, 0x0000000095600000|  0%| F|  |TAMS 0x0000000095500000, 0x0000000095500000| Untracked 
| 150|0x0000000095600000, 0x0000000095600000, 0x0000000095700000|  0%| F|  |TAMS 0x0000000095600000, 0x0000000095600000| Untracked 
| 151|0x0000000095700000, 0x0000000095700000, 0x0000000095800000|  0%| F|  |TAMS 0x0000000095700000, 0x0000000095700000| Untracked 
| 152|0x0000000095800000, 0x0000000095800000, 0x0000000095900000|  0%| F|  |TAMS 0x0000000095800000, 0x0000000095800000| Untracked 
| 153|0x0000000095900000, 0x0000000095900000, 0x0000000095a00000|  0%| F|  |TAMS 0x0000000095900000, 0x0000000095900000| Untracked 
| 154|0x0000000095a00000, 0x0000000095a00000, 0x0000000095b00000|  0%| F|  |TAMS 0x0000000095a00000, 0x0000000095a00000| Untracked 
| 155|0x0000000095b00000, 0x0000000095b00000, 0x0000000095c00000|  0%| F|  |TAMS 0x0000000095b00000, 0x0000000095b00000| Untracked 
| 156|0x0000000095c00000, 0x0000000095c00000, 0x0000000095d00000|  0%| F|  |TAMS 0x0000000095c00000, 0x0000000095c00000| Untracked 
| 157|0x0000000095d00000, 0x0000000095d00000, 0x0000000095e00000|  0%| F|  |TAMS 0x0000000095d00000, 0x0000000095d00000| Untracked 
| 158|0x0000000095e00000, 0x0000000095e00000, 0x0000000095f00000|  0%| F|  |TAMS 0x0000000095e00000, 0x0000000095e00000| Untracked 
| 159|0x0000000095f00000, 0x0000000095f00000, 0x0000000096000000|  0%| F|  |TAMS 0x0000000095f00000, 0x0000000095f00000| Untracked 
| 160|0x0000000096000000, 0x0000000096000000, 0x0000000096100000|  0%| F|  |TAMS 0x0000000096000000, 0x0000000096000000| Untracked 
| 161|0x0000000096100000, 0x0000000096100000, 0x0000000096200000|  0%| F|  |TAMS 0x0000000096100000, 0x0000000096100000| Untracked 
| 162|0x0000000096200000, 0x0000000096200000, 0x0000000096300000|  0%| F|  |TAMS 0x0000000096200000, 0x0000000096200000| Untracked 
| 163|0x0000000096300000, 0x0000000096300000, 0x0000000096400000|  0%| F|  |TAMS 0x0000000096300000, 0x0000000096300000| Untracked 
| 164|0x0000000096400000, 0x0000000096400000, 0x0000000096500000|  0%| F|  |TAMS 0x0000000096400000, 0x0000000096400000| Untracked 
| 165|0x0000000096500000, 0x0000000096500000, 0x0000000096600000|  0%| F|  |TAMS 0x0000000096500000, 0x0000000096500000| Untracked 
| 166|0x0000000096600000, 0x0000000096600000, 0x0000000096700000|  0%| F|  |TAMS 0x0000000096600000, 0x0000000096600000| Untracked 
| 167|0x0000000096700000, 0x0000000096700000, 0x0000000096800000|  0%| F|  |TAMS 0x0000000096700000, 0x0000000096700000| Untracked 
| 168|0x0000000096800000, 0x0000000096800000, 0x0000000096900000|  0%| F|  |TAMS 0x0000000096800000, 0x0000000096800000| Untracked 
| 169|0x0000000096900000, 0x0000000096900000, 0x0000000096a00000|  0%| F|  |TAMS 0x0000000096900000, 0x0000000096900000| Untracked 
| 170|0x0000000096a00000, 0x0000000096a00000, 0x0000000096b00000|  0%| F|  |TAMS 0x0000000096a00000, 0x0000000096a00000| Untracked 
| 171|0x0000000096b00000, 0x0000000096b00000, 0x0000000096c00000|  0%| F|  |TAMS 0x0000000096b00000, 0x0000000096b00000| Untracked 
| 172|0x0000000096c00000, 0x0000000096c00000, 0x0000000096d00000|  0%| F|  |TAMS 0x0000000096c00000, 0x0000000096c00000| Untracked 
| 173|0x0000000096d00000, 0x0000000096d00000, 0x0000000096e00000|  0%| F|  |TAMS 0x0000000096d00000, 0x0000000096d00000| Untracked 
| 174|0x0000000096e00000, 0x0000000096e00000, 0x0000000096f00000|  0%| F|  |TAMS 0x0000000096e00000, 0x0000000096e00000| Untracked 
| 175|0x0000000096f00000, 0x0000000096f00000, 0x0000000097000000|  0%| F|  |TAMS 0x0000000096f00000, 0x0000000096f00000| Untracked 
| 176|0x0000000097000000, 0x0000000097000000, 0x0000000097100000|  0%| F|  |TAMS 0x0000000097000000, 0x0000000097000000| Untracked 
| 177|0x0000000097100000, 0x0000000097100000, 0x0000000097200000|  0%| F|  |TAMS 0x0000000097100000, 0x0000000097100000| Untracked 
| 178|0x0000000097200000, 0x0000000097200000, 0x0000000097300000|  0%| F|  |TAMS 0x0000000097200000, 0x0000000097200000| Untracked 
| 179|0x0000000097300000, 0x0000000097300000, 0x0000000097400000|  0%| F|  |TAMS 0x0000000097300000, 0x0000000097300000| Untracked 
| 180|0x0000000097400000, 0x0000000097400000, 0x0000000097500000|  0%| F|  |TAMS 0x0000000097400000, 0x0000000097400000| Untracked 
| 181|0x0000000097500000, 0x0000000097500000, 0x0000000097600000|  0%| F|  |TAMS 0x0000000097500000, 0x0000000097500000| Untracked 
| 182|0x0000000097600000, 0x0000000097600000, 0x0000000097700000|  0%| F|  |TAMS 0x0000000097600000, 0x0000000097600000| Untracked 
| 183|0x0000000097700000, 0x0000000097700000, 0x0000000097800000|  0%| F|  |TAMS 0x0000000097700000, 0x0000000097700000| Untracked 
| 184|0x0000000097800000, 0x0000000097800000, 0x0000000097900000|  0%| F|  |TAMS 0x0000000097800000, 0x0000000097800000| Untracked 
| 185|0x0000000097900000, 0x0000000097900000, 0x0000000097a00000|  0%| F|  |TAMS 0x0000000097900000, 0x0000000097900000| Untracked 
| 186|0x0000000097a00000, 0x0000000097a00000, 0x0000000097b00000|  0%| F|  |TAMS 0x0000000097a00000, 0x0000000097a00000| Untracked 
| 187|0x0000000097b00000, 0x0000000097b00000, 0x0000000097c00000|  0%| F|  |TAMS 0x0000000097b00000, 0x0000000097b00000| Untracked 
| 188|0x0000000097c00000, 0x0000000097c00000, 0x0000000097d00000|  0%| F|  |TAMS 0x0000000097c00000, 0x0000000097c00000| Untracked 
| 189|0x0000000097d00000, 0x0000000097d00000, 0x0000000097e00000|  0%| F|  |TAMS 0x0000000097d00000, 0x0000000097d00000| Untracked 
| 190|0x0000000097e00000, 0x0000000097e00000, 0x0000000097f00000|  0%| F|  |TAMS 0x0000000097e00000, 0x0000000097e00000| Untracked 
| 191|0x0000000097f00000, 0x0000000097f00000, 0x0000000098000000|  0%| F|  |TAMS 0x0000000097f00000, 0x0000000097f00000| Untracked 
| 192|0x0000000098000000, 0x0000000098000000, 0x0000000098100000|  0%| F|  |TAMS 0x0000000098000000, 0x0000000098000000| Untracked 
| 193|0x0000000098100000, 0x0000000098100000, 0x0000000098200000|  0%| F|  |TAMS 0x0000000098100000, 0x0000000098100000| Untracked 
| 194|0x0000000098200000, 0x0000000098200000, 0x0000000098300000|  0%| F|  |TAMS 0x0000000098200000, 0x0000000098200000| Untracked 
| 195|0x0000000098300000, 0x0000000098300000, 0x0000000098400000|  0%| F|  |TAMS 0x0000000098300000, 0x0000000098300000| Untracked 
| 196|0x0000000098400000, 0x0000000098400000, 0x0000000098500000|  0%| F|  |TAMS 0x0000000098400000, 0x0000000098400000| Untracked 
| 197|0x0000000098500000, 0x0000000098500000, 0x0000000098600000|  0%| F|  |TAMS 0x0000000098500000, 0x0000000098500000| Untracked 
| 198|0x0000000098600000, 0x0000000098600000, 0x0000000098700000|  0%| F|  |TAMS 0x0000000098600000, 0x0000000098600000| Untracked 
| 199|0x0000000098700000, 0x0000000098700000, 0x0000000098800000|  0%| F|  |TAMS 0x0000000098700000, 0x0000000098700000| Untracked 
| 200|0x0000000098800000, 0x0000000098800000, 0x0000000098900000|  0%| F|  |TAMS 0x0000000098800000, 0x0000000098800000| Untracked 
| 201|0x0000000098900000, 0x0000000098900000, 0x0000000098a00000|  0%| F|  |TAMS 0x0000000098900000, 0x0000000098900000| Untracked 
| 202|0x0000000098a00000, 0x0000000098a00000, 0x0000000098b00000|  0%| F|  |TAMS 0x0000000098a00000, 0x0000000098a00000| Untracked 
| 203|0x0000000098b00000, 0x0000000098b00000, 0x0000000098c00000|  0%| F|  |TAMS 0x0000000098b00000, 0x0000000098b00000| Untracked 

Card table byte_map: [0x0000023db2010000,0x0000023db23b0000] _byte_map_base: 0x0000023db1bb0000

Marking Bits (Prev, Next): (CMBitMap*) 0x0000023d9a8e6c60, (CMBitMap*) 0x0000023d9a8e6ca0
 Prev Bits: [0x0000023db2750000, 0x0000023db4450000)
 Next Bits: [0x0000023db4450000, 0x0000023db6150000)

Polling page: 0x0000023d99fb0000

Metaspace:

Usage:
  Non-class:     52.70 MB used.
      Class:      7.92 MB used.
       Both:     60.62 MB used.

Virtual space:
  Non-class space:       64.00 MB reserved,      52.88 MB ( 83%) committed,  1 nodes.
      Class space:        1.00 GB reserved,       8.12 MB ( <1%) committed,  1 nodes.
             Both:        1.06 GB reserved,      61.00 MB (  6%) committed. 

Chunk freelists:
   Non-Class:  10.89 MB
       Class:  7.73 MB
        Both:  18.62 MB

MaxMetaspaceSize: unlimited
CompressedClassSpaceSize: 1.00 GB
Initial GC threshold: 21.00 MB
Current GC threshold: 80.94 MB
CDS: on
MetaspaceReclaimPolicy: balanced
 - commit_granule_bytes: 65536.
 - commit_granule_words: 8192.
 - virtual_space_node_default_size: 8388608.
 - enlarge_chunks_in_place: 1.
 - new_chunks_are_fully_committed: 0.
 - uncommit_free_chunks: 1.
 - use_allocation_guard: 0.
 - handle_deallocations: 1.


Internal statistics:

num_allocs_failed_limit: 3.
num_arena_births: 426.
num_arena_deaths: 0.
num_vsnodes_births: 2.
num_vsnodes_deaths: 0.
num_space_committed: 974.
num_space_uncommitted: 0.
num_chunks_returned_to_freelist: 3.
num_chunks_taken_from_freelist: 2082.
num_chunk_merges: 3.
num_chunk_splits: 1514.
num_chunks_enlarged: 1246.
num_inconsistent_stats: 0.

CodeHeap 'non-profiled nmethods': size=119168Kb used=4348Kb max_used=4923Kb free=114819Kb
 bounds [0x0000023da9f80000, 0x0000023daa450000, 0x0000023db13e0000]
CodeHeap 'profiled nmethods': size=119104Kb used=12197Kb max_used=12197Kb free=106906Kb
 bounds [0x0000023da23e0000, 0x0000023da2fd0000, 0x0000023da9830000]
CodeHeap 'non-nmethods': size=7488Kb used=1664Kb max_used=3379Kb free=5823Kb
 bounds [0x0000023da9830000, 0x0000023da9bd0000, 0x0000023da9f80000]
 total_blobs=7393 nmethods=6384 adapters=920
 compilation: enabled
              stopped_count=0, restarted_count=0
 full_count=0

Compilation events (20 events):
Event: 24.844 Thread 0x0000023db8a973b0 nmethod 7887 0x0000023daa3da110 code [0x0000023daa3da380, 0x0000023daa3db040]
Event: 24.844 Thread 0x0000023db8a973b0 7889   !   4       sun.font.FontStrikeDesc::equals (53 bytes)
Event: 24.847 Thread 0x0000023db8a973b0 nmethod 7889 0x0000023daa3d9790 code [0x0000023daa3d9940, 0x0000023daa3d9e98]
Event: 24.847 Thread 0x0000023db8a973b0 7894       4       java.awt.Font::getStringBounds (15 bytes)
Event: 24.850 Thread 0x0000023e398c2060 nmethod 7890 0x0000023daa3d8a10 code [0x0000023daa3d8c00, 0x0000023daa3d92c8]
Event: 24.850 Thread 0x0000023e398c2060 7895       4       java.awt.Font::getStringBounds (231 bytes)
Event: 24.854 Thread 0x0000023db8aa7d80 7906       2       java.util.ArrayDeque::removeLast (19 bytes)
Event: 24.854 Thread 0x0000023db8aa7d80 nmethod 7906 0x0000023da2fc6310 code [0x0000023da2fc64e0, 0x0000023da2fc66d8]
Event: 24.854 Thread 0x0000023db8aa7d80 7908       3       com.google.gson.internal.bind.JsonElementTypeAdapter::read (201 bytes)
Event: 24.856 Thread 0x0000023db8a973b0 nmethod 7894 0x0000023daa3d7990 code [0x0000023daa3d7ba0, 0x0000023daa3d8288]
Event: 24.856 Thread 0x0000023db8a973b0 7907       4       com.google.gson.JsonObject::add (21 bytes)
Event: 24.856 Thread 0x0000023db8aa7d80 nmethod 7908 0x0000023da2fc6810 code [0x0000023da2fc6be0, 0x0000023da2fc8df8]
Event: 24.856 Thread 0x0000023db8aa7d80 7909 %     3       com.google.gson.stream.JsonReader::nextQuotedValue @ 23 (296 bytes)
Event: 24.856 Thread 0x0000023e398c2060 nmethod 7895 0x0000023daa3d6b90 code [0x0000023daa3d6d80, 0x0000023daa3d7338]
Event: 24.856 Thread 0x0000023e398c2060 7896       4       java.awt.FontMetrics::getStringBounds (14 bytes)
Event: 24.857 Thread 0x0000023db8aa7d80 nmethod 7909% 0x0000023da2fc9690 code [0x0000023da2fc99c0, 0x0000023da2fcabc8]
Event: 24.858 Thread 0x0000023db8a973b0 nmethod 7907 0x0000023daa3d6290 code [0x0000023daa3d6420, 0x0000023daa3d6628]
Event: 24.858 Thread 0x0000023db8a973b0 7897       4       sun.java2d.SunGraphics2D::setFont (105 bytes)
Event: 24.859 Thread 0x0000023db8a973b0 nmethod 7897 0x0000023daa14eb90 code [0x0000023daa14ed20, 0x0000023daa14ef18]
Event: 24.859 Thread 0x0000023db8a973b0 7898       4       sun.java2d.SunGraphics2D::checkFontInfo (760 bytes)

GC Heap History (20 events):
Event: 12.910 GC heap after
{Heap after GC invocations=14 (full 0):
 garbage-first heap   total 178176K, used 93072K [0x000000008c000000, 0x0000000100000000)
  region size 1024K, 9 young (9216K), 9 survivors (9216K)
 Metaspace       used 29501K, committed 29696K, reserved 1114112K
  class space    used 3159K, committed 3264K, reserved 1048576K
}
Event: 15.185 GC heap before
{Heap before GC invocations=14 (full 0):
 garbage-first heap   total 178176K, used 142224K [0x000000008c000000, 0x0000000100000000)
  region size 1024K, 57 young (58368K), 9 survivors (9216K)
 Metaspace       used 33983K, committed 34304K, reserved 1114112K
  class space    used 3795K, committed 3968K, reserved 1048576K
}
Event: 15.195 GC heap after
{Heap after GC invocations=15 (full 0):
 garbage-first heap   total 178176K, used 100523K [0x000000008c000000, 0x0000000100000000)
  region size 1024K, 7 young (7168K), 7 survivors (7168K)
 Metaspace       used 33983K, committed 34304K, reserved 1114112K
  class space    used 3795K, committed 3968K, reserved 1048576K
}
Event: 16.359 GC heap before
{Heap before GC invocations=16 (full 0):
 garbage-first heap   total 178176K, used 143531K [0x000000008c000000, 0x0000000100000000)
  region size 1024K, 49 young (50176K), 7 survivors (7168K)
 Metaspace       used 36706K, committed 36864K, reserved 1114112K
  class space    used 4340K, committed 4416K, reserved 1048576K
}
Event: 16.365 GC heap after
{Heap after GC invocations=17 (full 0):
 garbage-first heap   total 178176K, used 104298K [0x000000008c000000, 0x0000000100000000)
  region size 1024K, 5 young (5120K), 5 survivors (5120K)
 Metaspace       used 36706K, committed 36864K, reserved 1114112K
  class space    used 4340K, committed 4416K, reserved 1048576K
}
Event: 16.428 GC heap before
{Heap before GC invocations=17 (full 0):
 garbage-first heap   total 178176K, used 107370K [0x000000008c000000, 0x0000000100000000)
  region size 1024K, 8 young (8192K), 5 survivors (5120K)
 Metaspace       used 36723K, committed 36928K, reserved 1114112K
  class space    used 4342K, committed 4416K, reserved 1048576K
}
Event: 16.433 GC heap after
{Heap after GC invocations=18 (full 0):
 garbage-first heap   total 178176K, used 102851K [0x000000008c000000, 0x0000000100000000)
  region size 1024K, 1 young (1024K), 1 survivors (1024K)
 Metaspace       used 36723K, committed 36928K, reserved 1114112K
  class space    used 4342K, committed 4416K, reserved 1048576K
}
Event: 18.002 GC heap before
{Heap before GC invocations=18 (full 0):
 garbage-first heap   total 178176K, used 145859K [0x000000008c000000, 0x0000000100000000)
  region size 1024K, 43 young (44032K), 1 survivors (1024K)
 Metaspace       used 39093K, committed 39360K, reserved 1114112K
  class space    used 4693K, committed 4800K, reserved 1048576K
}
Event: 18.005 GC heap after
{Heap after GC invocations=19 (full 0):
 garbage-first heap   total 178176K, used 104518K [0x000000008c000000, 0x0000000100000000)
  region size 1024K, 3 young (3072K), 3 survivors (3072K)
 Metaspace       used 39093K, committed 39360K, reserved 1114112K
  class space    used 4693K, committed 4800K, reserved 1048576K
}
Event: 18.966 GC heap before
{Heap before GC invocations=20 (full 0):
 garbage-first heap   total 181248K, used 145478K [0x000000008c000000, 0x0000000100000000)
  region size 1024K, 44 young (45056K), 3 survivors (3072K)
 Metaspace       used 46225K, committed 46592K, reserved 1114112K
  class space    used 5748K, committed 5952K, reserved 1048576K
}
Event: 18.971 GC heap after
{Heap after GC invocations=21 (full 0):
 garbage-first heap   total 181248K, used 107115K [0x000000008c000000, 0x0000000100000000)
  region size 1024K, 5 young (5120K), 5 survivors (5120K)
 Metaspace       used 46225K, committed 46592K, reserved 1114112K
  class space    used 5748K, committed 5952K, reserved 1048576K
}
Event: 19.002 GC heap before
{Heap before GC invocations=21 (full 0):
 garbage-first heap   total 181248K, used 110187K [0x000000008c000000, 0x0000000100000000)
  region size 1024K, 8 young (8192K), 5 survivors (5120K)
 Metaspace       used 46531K, committed 46848K, reserved 1114112K
  class space    used 5794K, committed 5952K, reserved 1048576K
}
Event: 19.009 GC heap after
{Heap after GC invocations=22 (full 0):
 garbage-first heap   total 181248K, used 105923K [0x000000008c000000, 0x0000000100000000)
  region size 1024K, 1 young (1024K), 1 survivors (1024K)
 Metaspace       used 46531K, committed 46848K, reserved 1114112K
  class space    used 5794K, committed 5952K, reserved 1048576K
}
Event: 19.385 GC heap before
{Heap before GC invocations=22 (full 0):
 garbage-first heap   total 181248K, used 148931K [0x000000008c000000, 0x0000000100000000)
  region size 1024K, 43 young (44032K), 1 survivors (1024K)
 Metaspace       used 48933K, committed 49280K, reserved 1114112K
  class space    used 6178K, committed 6336K, reserved 1048576K
}
Event: 19.389 GC heap after
{Heap after GC invocations=23 (full 0):
 garbage-first heap   total 181248K, used 110955K [0x000000008c000000, 0x0000000100000000)
  region size 1024K, 6 young (6144K), 6 survivors (6144K)
 Metaspace       used 48933K, committed 49280K, reserved 1114112K
  class space    used 6178K, committed 6336K, reserved 1048576K
}
Event: 20.347 GC heap before
{Heap before GC invocations=24 (full 0):
 garbage-first heap   total 191488K, used 148843K [0x000000008c000000, 0x0000000100000000)
  region size 1024K, 44 young (45056K), 6 survivors (6144K)
 Metaspace       used 54090K, committed 54464K, reserved 1114112K
  class space    used 7095K, committed 7232K, reserved 1048576K
}
Event: 20.360 GC heap after
{Heap after GC invocations=25 (full 0):
 garbage-first heap   total 191488K, used 117088K [0x000000008c000000, 0x0000000100000000)
  region size 1024K, 6 young (6144K), 6 survivors (6144K)
 Metaspace       used 54090K, committed 54464K, reserved 1114112K
  class space    used 7095K, committed 7232K, reserved 1048576K
}
Event: 20.414 GC heap before
{Heap before GC invocations=25 (full 0):
 garbage-first heap   total 191488K, used 119136K [0x000000008c000000, 0x0000000100000000)
  region size 1024K, 9 young (9216K), 6 survivors (6144K)
 Metaspace       used 54340K, committed 54720K, reserved 1114112K
  class space    used 7140K, committed 7296K, reserved 1048576K
}
Event: 20.418 GC heap after
{Heap after GC invocations=26 (full 0):
 garbage-first heap   total 191488K, used 116765K [0x000000008c000000, 0x0000000100000000)
  region size 1024K, 2 young (2048K), 2 survivors (2048K)
 Metaspace       used 54340K, committed 54720K, reserved 1114112K
  class space    used 7140K, committed 7296K, reserved 1048576K
}
Event: 24.876 GC heap before
{Heap before GC invocations=26 (full 0):
 garbage-first heap   total 191488K, used 154653K [0x000000008c000000, 0x0000000100000000)
  region size 1024K, 40 young (40960K), 2 survivors (2048K)
 Metaspace       used 62076K, committed 62464K, reserved 1114112K
  class space    used 8112K, committed 8320K, reserved 1048576K
}

Dll operation events (18 events):
Event: 0.016 Loaded shared library C:\Users\itsly\.jdks\ms-17.0.16\bin\java.dll
Event: 0.018 Loaded shared library C:\Users\itsly\.jdks\ms-17.0.16\bin\zip.dll
Event: 0.036 Loaded shared library C:\Users\itsly\.jdks\ms-17.0.16\bin\jsvml.dll
Event: 0.427 Loaded shared library C:\Users\itsly\.jdks\ms-17.0.16\bin\instrument.dll
Event: 0.581 Loaded shared library C:\Users\itsly\.jdks\ms-17.0.16\bin\net.dll
Event: 0.583 Loaded shared library C:\Users\itsly\.jdks\ms-17.0.16\bin\nio.dll
Event: 0.599 Loaded shared library C:\Users\itsly\.jdks\ms-17.0.16\bin\zip.dll
Event: 0.749 Loaded shared library C:\Users\itsly\.jdks\ms-17.0.16\bin\jimage.dll
Event: 0.837 Loaded shared library C:\Users\itsly\.jdks\ms-17.0.16\bin\verify.dll
Event: 1.073 Loaded shared library C:\Users\itsly\.jdks\ms-17.0.16\bin\management.dll
Event: 1.114 Loaded shared library C:\Users\itsly\.jdks\ms-17.0.16\bin\management_ext.dll
Event: 1.852 Loaded shared library C:\Users\itsly\Documents\GitHub\ModernFloyd\natives\windows\64\lwjgl64.dll
Event: 2.427 Loaded shared library C:\Users\itsly\.jdks\ms-17.0.16\bin\awt.dll
Event: 6.881 Loaded shared library C:\Users\itsly\AppData\Local\Temp\jna\jna6806135471710358469.dll
Event: 13.990 Loaded shared library C:\Users\itsly\.jdks\ms-17.0.16\bin\freetype.dll
Event: 13.994 Loaded shared library C:\Users\itsly\.jdks\ms-17.0.16\bin\fontmanager.dll
Event: 18.510 Loaded shared library C:\Users\itsly\.jdks\ms-17.0.16\bin\extnet.dll
Event: 20.869 Loaded shared library C:\Users\itsly\.jdks\ms-17.0.16\bin\sunmscapi.dll

Deoptimization events (20 events):
Event: 22.970 Thread 0x0000023d9a88ea90 Uncommon trap: trap_request=0xffffffbe fr.pc=0x0000023daa19908c relative=0x000000000000014c
Event: 22.970 Thread 0x0000023d9a88ea90 Uncommon trap: reason=profile_predicate action=maybe_recompile pc=0x0000023daa19908c method=java.util.LinkedHashMap$LinkedValues.forEach(Ljava/util/function/Consumer;)V @ 29 c2
Event: 22.970 Thread 0x0000023d9a88ea90 DEOPT PACKING pc=0x0000023daa19908c sp=0x0000008d7b2fede0
Event: 22.970 Thread 0x0000023d9a88ea90 DEOPT UNPACKING pc=0x0000023da98869a3 sp=0x0000008d7b2feda0 mode 2
Event: 23.894 Thread 0x0000023e3bf7e730 Uncommon trap: trap_request=0xffffff45 fr.pc=0x0000023daa28faa8 relative=0x0000000000000308
Event: 23.894 Thread 0x0000023e3bf7e730 Uncommon trap: reason=unstable_if action=reinterpret pc=0x0000023daa28faa8 method=net.minecraft.util.ResourceLocation.equals(Ljava/lang/Object;)Z @ 2 c2
Event: 23.894 Thread 0x0000023e3bf7e730 DEOPT PACKING pc=0x0000023daa28faa8 sp=0x0000008d00dff4a0
Event: 23.894 Thread 0x0000023e3bf7e730 DEOPT UNPACKING pc=0x0000023da98869a3 sp=0x0000008d00dff450 mode 2
Event: 23.894 Thread 0x0000023e3bf7e730 Uncommon trap: trap_request=0xffffff45 fr.pc=0x0000023daa1e2e04 relative=0x00000000000001e4
Event: 23.894 Thread 0x0000023e3bf7e730 Uncommon trap: reason=unstable_if action=reinterpret pc=0x0000023daa1e2e04 method=com.google.common.collect.HashBiMap.seekByValue(Ljava/lang/Object;I)Lcom/google/common/collect/HashBiMap$BiEntry; @ 13 c2
Event: 23.894 Thread 0x0000023e3bf7e730 DEOPT PACKING pc=0x0000023daa1e2e04 sp=0x0000008d00dff390
Event: 23.894 Thread 0x0000023e3bf7e730 DEOPT UNPACKING pc=0x0000023da98869a3 sp=0x0000008d00dff290 mode 2
Event: 24.765 Thread 0x0000023d9a88ea90 Uncommon trap: trap_request=0xffffffde fr.pc=0x0000023daa334a98 relative=0x0000000000000418
Event: 24.765 Thread 0x0000023d9a88ea90 Uncommon trap: reason=class_check action=maybe_recompile pc=0x0000023daa334a98 method=java.nio.file.Path.toFile()Ljava/io/File; @ 1 c2
Event: 24.765 Thread 0x0000023d9a88ea90 DEOPT PACKING pc=0x0000023daa334a98 sp=0x0000008d7b2fe9d0
Event: 24.765 Thread 0x0000023d9a88ea90 DEOPT UNPACKING pc=0x0000023da98869a3 sp=0x0000008d7b2fe9d0 mode 2
Event: 24.854 Thread 0x0000023d9a88ea90 Uncommon trap: trap_request=0xffffff45 fr.pc=0x0000023daa150b54 relative=0x0000000000000eb4
Event: 24.854 Thread 0x0000023d9a88ea90 Uncommon trap: reason=unstable_if action=reinterpret pc=0x0000023daa150b54 method=com.google.gson.stream.JsonReader.nextQuotedValue(C)Ljava/lang/String; @ 121 c2
Event: 24.855 Thread 0x0000023d9a88ea90 DEOPT PACKING pc=0x0000023daa150b54 sp=0x0000008d7b2fead0
Event: 24.855 Thread 0x0000023d9a88ea90 DEOPT UNPACKING pc=0x0000023da98869a3 sp=0x0000008d7b2feaa8 mode 2

Classes loaded (20 events):
Event: 24.760 Loading class femcum/modernfloyd/clients/ui/menu/component/MenuComponent
Event: 24.760 Loading class femcum/modernfloyd/clients/ui/menu/component/MenuComponent done
Event: 24.762 Loading class femcum/modernfloyd/clients/ui/menu/impl/main/MainMenu
Event: 24.762 Loading class femcum/modernfloyd/clients/ui/menu/impl/main/MainMenu done
Event: 24.852 Loading class femcum/modernfloyd/clients/ui/menu/impl/main/MainMenu
Event: 24.852 Loading class femcum/modernfloyd/clients/ui/menu/impl/main/MainMenu done
Event: 24.852 Loading class femcum/modernfloyd/clients/ui/menu/impl/main/MainMenu
Event: 24.852 Loading class femcum/modernfloyd/clients/ui/menu/impl/main/MainMenu done
Event: 24.853 Loading class femcum/modernfloyd/clients/ui/menu/impl/main/MainMenu
Event: 24.853 Loading class femcum/modernfloyd/clients/ui/menu/impl/main/MainMenu done
Event: 24.856 Loading class femcum/modernfloyd/clients/event/impl/other/ConfigLoadEvent
Event: 24.856 Loading class femcum/modernfloyd/clients/event/impl/other/ConfigLoadEvent done
Event: 24.858 Loading class femcum/modernfloyd/clients/util/shader/RiseShaders
Event: 24.858 Loading class femcum/modernfloyd/clients/util/shader/RiseShaders done
Event: 24.859 Loading class femcum/modernfloyd/clients/util/shader/impl/OutlineShader
Event: 24.859 Loading class femcum/modernfloyd/clients/util/shader/impl/OutlineShader done
Event: 24.860 Loading class femcum/modernfloyd/clients/util/shader/impl/MainMenuBackgroundShader
Event: 24.860 Loading class femcum/modernfloyd/clients/util/shader/impl/MainMenuBackgroundShader done
Event: 24.861 Loading class femcum/modernfloyd/clients/util/shader/impl/BAWShader
Event: 24.861 Loading class femcum/modernfloyd/clients/util/shader/impl/BAWShader done

Classes unloaded (0 events):
No events

Classes redefined (1 events):
Event: 0.493 Thread 0x0000023db8a73de0 redefined class name=java.lang.Throwable, count=1

Internal exceptions (20 events):
Event: 19.224 Thread 0x0000023e3bf7d800 Implicit null exception at 0x0000023daa3ca882 to 0x0000023daa3cb610
Event: 19.577 Thread 0x0000023e2d579170 Exception <a 'java/lang/NoSuchMethodError'{0x00000000978d5138}: 'java.lang.Object java.lang.invoke.DirectMethodHandle$Holder.invokeVirtual(java.lang.Object, java.lang.Object, java.lang.Object)'> (0x00000000978d5138) 
thrown [s\src\hotspot\share\interpreter\linkResolver.cpp, line 759]
Event: 19.598 Thread 0x0000023e2d579170 Exception <a 'java/lang/NoSuchMethodError'{0x00000000977afc30}: 'java.lang.Object java.lang.invoke.DirectMethodHandle$Holder.invokeVirtual(java.lang.Object, java.lang.Object, java.lang.Object, java.lang.Object)'> (0x00000000977afc30) 
thrown [s\src\hotspot\share\interpreter\linkResolver.cpp, line 759]
Event: 19.855 Thread 0x0000023e2d579170 Exception <a 'java/lang/NoSuchMethodError'{0x0000000096a500f8}: 'java.lang.Object java.lang.invoke.DirectMethodHandle$Holder.invokeStatic(java.lang.Object, int, int)'> (0x0000000096a500f8) 
thrown [s\src\hotspot\share\interpreter\linkResolver.cpp, line 759]
Event: 19.856 Thread 0x0000023e2d579170 Exception <a 'java/lang/NoSuchMethodError'{0x0000000096a539a8}: 'java.lang.Object java.lang.invoke.DirectMethodHandle$Holder.invokeStaticInit(java.lang.Object, int, int)'> (0x0000000096a539a8) 
thrown [s\src\hotspot\share\interpreter\linkResolver.cpp, line 759]
Event: 19.860 Thread 0x0000023e2d579170 Exception <a 'java/lang/NoSuchMethodError'{0x0000000096a7a3b0}: 'java.lang.Object java.lang.invoke.DirectMethodHandle$Holder.newInvokeSpecial(java.lang.Object, java.lang.Object, java.lang.Object, int)'> (0x0000000096a7a3b0) 
thrown [s\src\hotspot\share\interpreter\linkResolver.cpp, line 759]
Event: 19.860 Thread 0x0000023e2d579170 Exception <a 'java/lang/NoSuchMethodError'{0x0000000096a7e610}: 'java.lang.Object java.lang.invoke.DirectMethodHandle$Holder.invokeSpecial(java.lang.Object, java.lang.Object, java.lang.Object, java.lang.Object, int)'> (0x0000000096a7e610) 
thrown [s\src\hotspot\share\interpreter\linkResolver.cpp, line 759]
Event: 19.861 Thread 0x0000023e2d579170 Exception <a 'java/lang/NoSuchMethodError'{0x0000000096a82238}: 'java.lang.Object java.lang.invoke.Invokers$Holder.linkToTargetMethod(java.lang.Object, java.lang.Object, int, java.lang.Object)'> (0x0000000096a82238) 
thrown [s\src\hotspot\share\interpreter\linkResolver.cpp, line 759]
Event: 19.919 Thread 0x0000023e2d579170 Exception <a 'java/lang/NoSuchMethodError'{0x0000000096810ff8}: 'void java.lang.invoke.DirectMethodHandle$Holder.invokeStatic(java.lang.Object, int, java.lang.Object)'> (0x0000000096810ff8) 
thrown [s\src\hotspot\share\interpreter\linkResolver.cpp, line 759]
Event: 19.987 Thread 0x0000023d80ff3870 Exception <a 'java/lang/NoSuchMethodError'{0x00000000966e5210}: 'java.lang.Object java.lang.invoke.DirectMethodHandle$Holder.invokeStatic(java.lang.Object, int, java.lang.Object)'> (0x00000000966e5210) 
thrown [s\src\hotspot\share\interpreter\linkResolver.cpp, line 759]
Event: 20.006 Thread 0x0000023d80ff3870 Exception <a 'java/lang/NoSuchMethodError'{0x00000000965d3178}: 'java.lang.Object java.lang.invoke.DirectMethodHandle$Holder.invokeStaticInit(java.lang.Object, java.lang.Object, java.lang.Object)'> (0x00000000965d3178) 
thrown [s\src\hotspot\share\interpreter\linkResolver.cpp, line 759]
Event: 20.088 Thread 0x0000023e2d579170 Exception <a 'java/lang/NoSuchMethodError'{0x0000000095f1e8d8}: 'java.lang.Object java.lang.invoke.DirectMethodHandle$Holder.newInvokeSpecial(java.lang.Object, java.lang.Object, java.lang.Object, java.lang.Object, java.lang.Object, java.lang.Object, java.lang.Object, java.lang.Object)'> (0x0000000095f1e8d8) 
thrown [s\src\hotspot\share\interpreter\linkResolver.cpp, line 759]
Event: 20.088 Thread 0x0000023e2d579170 Exception <a 'java/lang/NoSuchMethodError'{0x0000000095f238a0}: 'java.lang.Object java.lang.invoke.DirectMethodHandle$Holder.invokeSpecial(java.lang.Object, java.lang.Object, java.lang.Object, java.lang.Object, java.lang.Object, java.lang.Object, java.lang.Object, java.lang.Object, java.lang.Object)'> (0x0000000095f238a0) 
thrown [s\src\hotspot\share\interpreter\linkResolver.cpp, line 759]
Event: 20.089 Thread 0x0000023e2d579170 Exception <a 'java/lang/NoSuchMethodError'{0x0000000095f28210}: 'java.lang.Object java.lang.invoke.Invokers$Holder.linkToTargetMethod(java.lang.Object, java.lang.Object, java.lang.Object, java.lang.Object, java.lang.Object, java.lang.Object, java.lang.Object, java.lang.Object)'> (0x0000000095f28210) 
thrown [s\src\hotspot\share\interpreter\linkResolver.cpp, line 759]
Event: 20.169 Thread 0x0000023e2d579170 Exception <a 'java/lang/NoSuchMethodError'{0x0000000095cadae8}: 'int java.lang.invoke.DirectMethodHandle$Holder.invokeStaticInit(java.lang.Object, int)'> (0x0000000095cadae8) 
thrown [s\src\hotspot\share\interpreter\linkResolver.cpp, line 759]
Event: 20.618 Thread 0x0000023e2d579170 Exception <a 'java/lang/NoSuchMethodError'{0x00000000970e4f20}: 'java.lang.Object java.lang.invoke.DirectMethodHandle$Holder.invokeStaticInit(java.lang.Object, int)'> (0x00000000970e4f20) 
thrown [s\src\hotspot\share\interpreter\linkResolver.cpp, line 759]
Event: 20.659 Thread 0x0000023e2d579170 Exception <a 'java/lang/NoSuchMethodError'{0x0000000096ff8348}: 'void java.lang.invoke.DirectMethodHandle$Holder.invokeVirtual(java.lang.Object, java.lang.Object, java.lang.Object, java.lang.Object)'> (0x0000000096ff8348) 
thrown [s\src\hotspot\share\interpreter\linkResolver.cpp, line 759]
Event: 20.983 Thread 0x0000023e2d57afd0 Implicit null exception at 0x0000023daa31f780 to 0x0000023daa31f918
Event: 20.984 Thread 0x0000023e2d57afd0 Exception <a 'sun/nio/fs/WindowsException'{0x000000009678fa40}> (0x000000009678fa40) 
thrown [s\src\hotspot\share\prims\jni.cpp, line 516]
Event: 21.503 Thread 0x0000023e2d57afd0 Implicit null exception at 0x0000023daa3fee2c to 0x0000023daa3fefe2

VM Operations (20 events):
Event: 20.209 Executing VM operation: HandshakeAllThreads done
Event: 20.237 Executing VM operation: HandshakeAllThreads
Event: 20.238 Executing VM operation: HandshakeAllThreads done
Event: 20.347 Executing VM operation: G1CollectForAllocation
Event: 20.360 Executing VM operation: G1CollectForAllocation done
Event: 20.414 Executing VM operation: G1CollectForAllocation
Event: 20.418 Executing VM operation: G1CollectForAllocation done
Event: 20.920 Executing VM operation: HandshakeAllThreads
Event: 20.920 Executing VM operation: HandshakeAllThreads done
Event: 20.987 Executing VM operation: HandshakeAllThreads
Event: 20.987 Executing VM operation: HandshakeAllThreads done
Event: 21.097 Executing VM operation: HandshakeAllThreads
Event: 21.097 Executing VM operation: HandshakeAllThreads done
Event: 22.097 Executing VM operation: Cleanup
Event: 22.097 Executing VM operation: Cleanup done
Event: 23.097 Executing VM operation: Cleanup
Event: 23.097 Executing VM operation: Cleanup done
Event: 24.098 Executing VM operation: Cleanup
Event: 24.098 Executing VM operation: Cleanup done
Event: 24.876 Executing VM operation: G1CollectForAllocation

Memory protections (0 events):
No events

Nmethod flushes (20 events):
Event: 20.263 Thread 0x0000023db8ab06a0 flushing  nmethod 0x0000023da2dde890
Event: 20.263 Thread 0x0000023db8ab06a0 flushing osr nmethod 0x0000023da2de0390
Event: 20.263 Thread 0x0000023db8ab06a0 flushing  nmethod 0x0000023da2de8d90
Event: 20.263 Thread 0x0000023db8ab06a0 flushing  nmethod 0x0000023da2deb410
Event: 20.263 Thread 0x0000023db8ab06a0 flushing  nmethod 0x0000023da2e01010
Event: 20.263 Thread 0x0000023db8ab06a0 flushing osr nmethod 0x0000023da2e04d10
Event: 20.263 Thread 0x0000023db8ab06a0 flushing  nmethod 0x0000023da2e19910
Event: 20.263 Thread 0x0000023db8ab06a0 flushing  nmethod 0x0000023da2e21f10
Event: 20.263 Thread 0x0000023db8ab06a0 flushing  nmethod 0x0000023da2e45c90
Event: 20.263 Thread 0x0000023db8ab06a0 flushing  nmethod 0x0000023da2e51a10
Event: 20.263 Thread 0x0000023db8ab06a0 flushing  nmethod 0x0000023da2e57290
Event: 20.264 Thread 0x0000023db8ab06a0 flushing  nmethod 0x0000023da2e97310
Event: 20.264 Thread 0x0000023db8ab06a0 flushing  nmethod 0x0000023da2e98110
Event: 20.264 Thread 0x0000023db8ab06a0 flushing  nmethod 0x0000023da2e9da10
Event: 20.264 Thread 0x0000023db8ab06a0 flushing  nmethod 0x0000023da2eb6510
Event: 20.264 Thread 0x0000023db8ab06a0 flushing  nmethod 0x0000023da2eb8e10
Event: 20.264 Thread 0x0000023db8ab06a0 flushing  nmethod 0x0000023da2ebe790
Event: 20.264 Thread 0x0000023db8ab06a0 flushing  nmethod 0x0000023da2ef9410
Event: 20.264 Thread 0x0000023db8ab06a0 flushing  nmethod 0x0000023da2ef9810
Event: 20.264 Thread 0x0000023db8ab06a0 flushing  nmethod 0x0000023da2efa010

Events (20 events):
Event: 20.842 Thread 0x0000023e3bf82900 Thread exited: 0x0000023e3bf82900
Event: 20.843 Thread 0x0000023d80ff3870 Thread exited: 0x0000023d80ff3870
Event: 20.843 Thread 0x0000023d80fefbb0 Thread exited: 0x0000023d80fefbb0
Event: 20.843 Thread 0x0000023e3bf7d800 Thread exited: 0x0000023e3bf7d800
Event: 20.843 Thread 0x0000023e3bf83d40 Thread exited: 0x0000023e3bf83d40
Event: 20.843 Thread 0x0000023d80ff2e50 Thread exited: 0x0000023d80ff2e50
Event: 20.844 Thread 0x0000023e3bf823f0 Thread exited: 0x0000023e3bf823f0
Event: 20.846 Thread 0x0000023d80ff3360 Thread exited: 0x0000023d80ff3360
Event: 20.847 Thread 0x0000023e3bf85180 Thread exited: 0x0000023e3bf85180
Event: 21.326 Thread 0x0000023e3bad5a20 Thread exited: 0x0000023e3bad5a20
Event: 21.334 Thread 0x0000023dffa1d920 Thread added: 0x0000023e398bfb30
Event: 21.604 Thread 0x0000023e2d57afd0 Thread added: 0x0000023d81acfa50
Event: 21.605 Thread 0x0000023d81acfa50 Thread exited: 0x0000023d81acfa50
Event: 21.644 Thread 0x0000023e2d57afd0 Thread added: 0x0000023d81aceb20
Event: 21.767 Thread 0x0000023e398bfb30 Thread exited: 0x0000023e398bfb30
Event: 22.878 Thread 0x0000023e398c5ad0 Thread exited: 0x0000023e398c5ad0
Event: 22.960 Thread 0x0000023dffa1c3e0 Thread exited: 0x0000023dffa1c3e0
Event: 23.102 Thread 0x0000023dffa1d920 Thread exited: 0x0000023dffa1d920
Event: 24.758 Thread 0x0000023d80ff0ae0 Thread exited: 0x0000023d80ff0ae0
Event: 24.816 Thread 0x0000023db8a973b0 Thread added: 0x0000023e398c2060


Dynamic libraries:
0x00007ff67e710000 - 0x00007ff67e71e000 	C:\Users\itsly\.jdks\ms-17.0.16\bin\java.exe
0x00007ffff1660000 - 0x00007ffff18c8000 	C:\WINDOWS\SYSTEM32\ntdll.dll
0x00007ffff03f0000 - 0x00007ffff04b9000 	C:\WINDOWS\System32\KERNEL32.DLL
0x00007fffee8b0000 - 0x00007fffeeca2000 	C:\WINDOWS\System32\KERNELBASE.dll
0x00007fffeef30000 - 0x00007fffef07b000 	C:\WINDOWS\System32\ucrtbase.dll
0x00007fffeb230000 - 0x00007fffeb248000 	C:\Users\itsly\.jdks\ms-17.0.16\bin\jli.dll
0x00007fffe86d0000 - 0x00007fffe86ee000 	C:\Users\itsly\.jdks\ms-17.0.16\bin\VCRUNTIME140.dll
0x00007ffff04c0000 - 0x00007ffff0685000 	C:\WINDOWS\System32\USER32.dll
0x00007fffee7f0000 - 0x00007fffee817000 	C:\WINDOWS\System32\win32u.dll
0x00007fffef430000 - 0x00007fffef45b000 	C:\WINDOWS\System32\GDI32.dll
0x00007fffeee00000 - 0x00007fffeef2d000 	C:\WINDOWS\System32\gdi32full.dll
0x00007fffd9b30000 - 0x00007fffd9dc3000 	C:\WINDOWS\WinSxS\amd64_microsoft.windows.common-controls_6595b64144ccf1df_6.0.26100.6899_none_3e0efeeae32e88c1\COMCTL32.dll
0x00007fffeecb0000 - 0x00007fffeed53000 	C:\WINDOWS\System32\msvcp_win.dll
0x00007ffff0a30000 - 0x00007ffff0ad9000 	C:\WINDOWS\System32\msvcrt.dll
0x00007ffff1250000 - 0x00007ffff127f000 	C:\WINDOWS\System32\IMM32.DLL
0x00007fffe8640000 - 0x00007fffe864c000 	C:\Users\itsly\.jdks\ms-17.0.16\bin\vcruntime140_1.dll
0x00007fffbeca0000 - 0x00007fffbed29000 	C:\Users\itsly\.jdks\ms-17.0.16\bin\msvcp140.dll
0x00007fff7d170000 - 0x00007fff7ddea000 	C:\Users\itsly\.jdks\ms-17.0.16\bin\server\jvm.dll
0x00007ffff0210000 - 0x00007ffff02c4000 	C:\WINDOWS\System32\ADVAPI32.dll
0x00007ffff0980000 - 0x00007ffff0a26000 	C:\WINDOWS\System32\sechost.dll
0x00007ffff1300000 - 0x00007ffff1418000 	C:\WINDOWS\System32\RPCRT4.dll
0x00007ffff15a0000 - 0x00007ffff1614000 	C:\WINDOWS\System32\WS2_32.dll
0x00007fffe5bd0000 - 0x00007fffe5c05000 	C:\WINDOWS\SYSTEM32\WINMM.dll
0x00007fffee650000 - 0x00007fffee6ae000 	C:\WINDOWS\SYSTEM32\POWRPROF.dll
0x00007fffe60f0000 - 0x00007fffe60fb000 	C:\WINDOWS\SYSTEM32\VERSION.dll
0x00007fffee630000 - 0x00007fffee644000 	C:\WINDOWS\SYSTEM32\UMPDC.dll
0x00007fffed5c0000 - 0x00007fffed5db000 	C:\WINDOWS\SYSTEM32\kernel.appcore.dll
0x00007fffe8630000 - 0x00007fffe863a000 	C:\Users\itsly\.jdks\ms-17.0.16\bin\jimage.dll
0x00007fffebea0000 - 0x00007fffec0e2000 	C:\WINDOWS\SYSTEM32\DBGHELP.DLL
0x00007fffefbf0000 - 0x00007fffeff6b000 	C:\WINDOWS\System32\combase.dll
0x00007ffff02d0000 - 0x00007ffff03a7000 	C:\WINDOWS\System32\OLEAUT32.dll
0x00007fffe8680000 - 0x00007fffe86bc000 	C:\WINDOWS\SYSTEM32\dbgcore.DLL
0x00007fffeed60000 - 0x00007fffeedf8000 	C:\WINDOWS\System32\bcryptPrimitives.dll
0x00007fffde8e0000 - 0x00007fffde91b000 	C:\Users\itsly\.jdks\ms-17.0.16\bin\jdwp.dll
0x00007fffe8620000 - 0x00007fffe862f000 	C:\Users\itsly\.jdks\ms-17.0.16\bin\instrument.dll
0x00007fffde920000 - 0x00007fffde946000 	C:\Users\itsly\.jdks\ms-17.0.16\bin\java.dll
0x00007fffde5d0000 - 0x00007fffde5e8000 	C:\Users\itsly\.jdks\ms-17.0.16\bin\zip.dll
0x00007fffbebc0000 - 0x00007fffbec96000 	C:\Users\itsly\.jdks\ms-17.0.16\bin\jsvml.dll
0x00007ffff0b00000 - 0x00007ffff124d000 	C:\WINDOWS\System32\SHELL32.dll
0x00007fffef080000 - 0x00007fffef1eb000 	C:\WINDOWS\System32\wintypes.dll
0x00007fffec460000 - 0x00007fffeccbd000 	C:\WINDOWS\SYSTEM32\windows.storage.dll
0x00007ffff1480000 - 0x00007ffff1572000 	C:\WINDOWS\System32\SHCORE.dll
0x00007ffff1290000 - 0x00007ffff12f2000 	C:\WINDOWS\System32\shlwapi.dll
0x00007fffee710000 - 0x00007fffee739000 	C:\WINDOWS\SYSTEM32\profapi.dll
0x00007fffe0570000 - 0x00007fffe057c000 	C:\Users\itsly\.jdks\ms-17.0.16\bin\dt_socket.dll
0x00007fffed090000 - 0x00007fffed0c4000 	C:\WINDOWS\SYSTEM32\IPHLPAPI.DLL
0x00007fffedb30000 - 0x00007fffedb9b000 	C:\WINDOWS\system32\mswsock.dll
0x00007fffdf740000 - 0x00007fffdf75b000 	C:\Users\itsly\.jdks\ms-17.0.16\bin\net.dll
0x00007fffe6ac0000 - 0x00007fffe6bdf000 	C:\WINDOWS\SYSTEM32\WINHTTP.dll
0x00007fffdec50000 - 0x00007fffdec66000 	C:\Users\itsly\.jdks\ms-17.0.16\bin\nio.dll
0x00007fffde540000 - 0x00007fffde550000 	C:\Users\itsly\.jdks\ms-17.0.16\bin\verify.dll
0x00007fffde580000 - 0x00007fffde58a000 	C:\Users\itsly\.jdks\ms-17.0.16\bin\management.dll
0x00007fffde570000 - 0x00007fffde57c000 	C:\Users\itsly\.jdks\ms-17.0.16\bin\management_ext.dll
0x00007ffff03b0000 - 0x00007ffff03b8000 	C:\WINDOWS\System32\PSAPI.DLL
0x00007fffdcb20000 - 0x00007fffdcb38000 	C:\WINDOWS\system32\napinsp.dll
0x00007fffed170000 - 0x00007fffed296000 	C:\WINDOWS\SYSTEM32\DNSAPI.dll
0x00007ffff1580000 - 0x00007ffff158a000 	C:\WINDOWS\System32\NSI.dll
0x00007fffda190000 - 0x00007fffda1a2000 	C:\WINDOWS\System32\winrnr.dll
0x00007fffe6210000 - 0x00007fffe6226000 	C:\WINDOWS\system32\wshbth.dll
0x00007fffda160000 - 0x00007fffda188000 	C:\WINDOWS\system32\nlansp_c.dll
0x00007fffe60d0000 - 0x00007fffe60db000 	C:\Windows\System32\rasadhlp.dll
0x00007fffe8400000 - 0x00007fffe8486000 	C:\WINDOWS\System32\fwpuclnt.dll
0x0000000180000000 - 0x0000000180053000 	C:\Users\itsly\Documents\GitHub\ModernFloyd\natives\windows\64\lwjgl64.dll
0x00007fffa5c40000 - 0x00007fffa5d4c000 	C:\WINDOWS\SYSTEM32\OPENGL32.dll
0x00007fffbee20000 - 0x00007fffbee4d000 	C:\WINDOWS\SYSTEM32\GLU32.dll
0x00007fffeb6f0000 - 0x00007fffeb734000 	C:\WINDOWS\SYSTEM32\dxcore.dll
0x00007fffeddf0000 - 0x00007fffede0b000 	C:\WINDOWS\SYSTEM32\CRYPTSP.dll
0x00007fffed520000 - 0x00007fffed55b000 	C:\WINDOWS\system32\rsaenh.dll
0x00007fffedbd0000 - 0x00007fffedbfb000 	C:\WINDOWS\SYSTEM32\USERENV.dll
0x00007fffee6e0000 - 0x00007fffee706000 	C:\WINDOWS\SYSTEM32\bcrypt.dll
0x00007fffedde0000 - 0x00007fffeddec000 	C:\WINDOWS\SYSTEM32\CRYPTBASE.dll
0x00007fffe81c0000 - 0x00007fffe81de000 	C:\WINDOWS\SYSTEM32\dhcpcsvc6.DLL
0x00007fffe8140000 - 0x00007fffe8163000 	C:\WINDOWS\SYSTEM32\dhcpcsvc.DLL
0x00007fff7cdd0000 - 0x00007fff7cf66000 	C:\Users\itsly\.jdks\ms-17.0.16\bin\awt.dll
0x00007fffeb3c0000 - 0x00007fffeb45f000 	C:\WINDOWS\SYSTEM32\apphelp.dll
0x00007fffe7a40000 - 0x00007fffe7b01000 	C:\WINDOWS\SYSTEM32\mscms.dll
0x00007fffeb5e0000 - 0x00007fffeb68a000 	C:\WINDOWS\system32\uxtheme.dll
0x00007fffef460000 - 0x00007fffef5bb000 	C:\WINDOWS\System32\MSCTF.dll
0x00007fffd7240000 - 0x00007fffd738a000 	C:\WINDOWS\SYSTEM32\textinputframework.dll
0x00007fffeaf70000 - 0x00007fffeb095000 	C:\WINDOWS\SYSTEM32\CoreMessaging.dll
0x00007fffe6280000 - 0x00007fffe6563000 	C:\WINDOWS\SYSTEM32\CoreUIComponents.dll
0x00007fffe1830000 - 0x00007fffe184a000 	C:\WINDOWS\SYSTEM32\windows.staterepositorycore.dll
0x00007fff67f80000 - 0x00007fff6a8c4000 	C:\WINDOWS\System32\DriverStore\FileRepository\nvami.inf_amd64_43a59d7e0e604a11\nvoglv64.dll
0x00007fffef760000 - 0x00007fffefbe8000 	C:\WINDOWS\System32\SETUPAPI.dll
0x00007fffef5c0000 - 0x00007fffef758000 	C:\WINDOWS\System32\ole32.dll
0x00007fffeb480000 - 0x00007fffeb4aa000 	C:\WINDOWS\SYSTEM32\WTSAPI32.dll
0x00007fffef2b0000 - 0x00007fffef427000 	C:\WINDOWS\System32\CRYPT32.dll
0x00007fffed860000 - 0x00007fffed8a9000 	C:\WINDOWS\SYSTEM32\SspiCli.dll
0x00007fffede50000 - 0x00007fffede63000 	C:\WINDOWS\SYSTEM32\msasn1.dll
0x00007fffe3640000 - 0x00007fffe367b000 	C:\WINDOWS\SYSTEM32\cryptnet.dll
0x00007fffedec0000 - 0x00007fffedf25000 	C:\WINDOWS\SYSTEM32\wldp.dll
0x00007fffe33d0000 - 0x00007fffe3545000 	C:\WINDOWS\SYSTEM32\drvstore.dll
0x00007fffee320000 - 0x00007fffee34d000 	C:\WINDOWS\SYSTEM32\devobj.dll
0x00007fffee2c0000 - 0x00007fffee317000 	C:\WINDOWS\SYSTEM32\CFGMGR32.dll
0x00007fffee820000 - 0x00007fffee89f000 	C:\WINDOWS\System32\WINTRUST.dll
0x00007fffed6e0000 - 0x00007fffed716000 	C:\WINDOWS\SYSTEM32\ntmarta.dll
0x00007ffff03c0000 - 0x00007ffff03e0000 	C:\WINDOWS\System32\imagehlp.dll
0x00007fffcd560000 - 0x00007fffd12f3000 	C:\WINDOWS\System32\DriverStore\FileRepository\nvami.inf_amd64_43a59d7e0e604a11\nvgpucomp64.dll
0x00007fffb7ef0000 - 0x00007fffb81b5000 	C:\WINDOWS\system32\nvspcap64.dll
0x00007fffeb8a0000 - 0x00007fffeb8cd000 	C:\WINDOWS\SYSTEM32\dwmapi.dll
0x00007fffdea30000 - 0x00007fffdea79000 	C:\WINDOWS\SYSTEM32\icm32.dll
0x00007fffee400000 - 0x00007fffee463000 	C:\WINDOWS\SYSTEM32\WINSTA.dll
0x0000023d83c90000 - 0x0000023d83cc8000 	C:\Users\itsly\AppData\Local\Temp\jna\jna6806135471710358469.dll
0x0000023d83d80000 - 0x0000023d83de4000 	C:\Users\itsly\Documents\GitHub\ModernFloyd\natives\windows\64\OpenAL64.dll
0x00007fffeff80000 - 0x00007ffff0031000 	C:\WINDOWS\System32\clbcatq.dll
0x00007fffe7690000 - 0x00007fffe7728000 	C:\WINDOWS\System32\MMDevApi.dll
0x00007fffde990000 - 0x00007fffdea24000 	C:\WINDOWS\SYSTEM32\dsound.dll
0x00007fffe85e0000 - 0x00007fffe8611000 	C:\WINDOWS\SYSTEM32\winmmbase.dll
0x00007fff7cd10000 - 0x00007fff7cdc1000 	C:\WINDOWS\SYSTEM32\ResampleDmo.DLL
0x00007fffc27e0000 - 0x00007fffc27ee000 	C:\WINDOWS\SYSTEM32\msdmo.dll
0x00007fffdd480000 - 0x00007fffdd63b000 	C:\WINDOWS\SYSTEM32\AUDIOSES.DLL
0x00007fffebc30000 - 0x00007fffebc44000 	C:\WINDOWS\SYSTEM32\resourcepolicyclient.dll
0x00007fffbe3c0000 - 0x00007fffbe447000 	C:\Users\itsly\.jdks\ms-17.0.16\bin\freetype.dll
0x00007fff75b10000 - 0x00007fff75bfb000 	C:\Users\itsly\.jdks\ms-17.0.16\bin\fontmanager.dll
0x00007fffc03a0000 - 0x00007fffc0550000 	C:\WINDOWS\system32\d3d9.dll
0x00007fffd38b0000 - 0x00007fffd3974000 	C:\WINDOWS\System32\DriverStore\FileRepository\nvami.inf_amd64_43a59d7e0e604a11\nvldumdx.dll
0x00007fffcc6e0000 - 0x00007fffcc7be000 	C:\WINDOWS\System32\DriverStore\FileRepository\nvami.inf_amd64_43a59d7e0e604a11\NvMemMapStoragex.dll
0x00007fff86cf0000 - 0x00007fff897f5000 	C:\WINDOWS\System32\DriverStore\FileRepository\nvami.inf_amd64_43a59d7e0e604a11\nvd3dumx.dll
0x00007fffe7620000 - 0x00007fffe7683000 	C:\WINDOWS\SYSTEM32\directxdatabasehelper.dll
0x00007fffe5c10000 - 0x00007fffe5dcb000 	C:\WINDOWS\System32\DriverStore\FileRepository\u0383113.inf_amd64_9242eb4af0e982f6\B383140\aticfx64.dll
0x00007fff84300000 - 0x00007fff860cf000 	C:\WINDOWS\System32\DriverStore\FileRepository\u0383113.inf_amd64_9242eb4af0e982f6\B383140\amdxn64.dll
0x00007fffeb740000 - 0x00007fffeb87b000 	C:\WINDOWS\SYSTEM32\dxgi.dll
0x00007fffe3850000 - 0x00007fffe3885000 	C:\WINDOWS\SYSTEM32\amdihk64.dll
0x00007fffedba0000 - 0x00007fffedbc7000 	C:\WINDOWS\SYSTEM32\gpapi.dll
0x00007fffb5270000 - 0x00007fffb5427000 	C:\WINDOWS\System32\DriverStore\FileRepository\nvami.inf_amd64_43a59d7e0e604a11\nvppex.dll
0x00007fffde590000 - 0x00007fffde599000 	C:\Users\itsly\.jdks\ms-17.0.16\bin\extnet.dll
0x00007fffde8d0000 - 0x00007fffde8de000 	C:\Users\itsly\.jdks\ms-17.0.16\bin\sunmscapi.dll
0x00007fffedf80000 - 0x00007fffedfb0000 	C:\WINDOWS\SYSTEM32\ncrypt.dll

dbghelp: loaded successfully - version: 4.0.5 - missing functions: none
symbol engine: initialized successfully - sym options: 0x614 - pdb path: .;C:\Users\itsly\.jdks\ms-17.0.16\bin;C:\WINDOWS\SYSTEM32;C:\WINDOWS\WinSxS\amd64_microsoft.windows.common-controls_6595b64144ccf1df_6.0.26100.6899_none_3e0efeeae32e88c1;C:\Users\itsly\.jdks\ms-17.0.16\bin\server;C:\Users\itsly\Documents\GitHub\ModernFloyd\natives\windows\64;C:\WINDOWS\System32\DriverStore\FileRepository\nvami.inf_amd64_43a59d7e0e604a11;C:\Users\itsly\AppData\Local\Temp\jna;C:\WINDOWS\System32\DriverStore\FileRepository\u0383113.inf_amd64_9242eb4af0e982f6\B383140

VM Arguments:
jvm_args: -agentlib:jdwp=transport=dt_socket,address=127.0.0.1:61905,suspend=y,server=n -javaagent:C:\Users\itsly\AppData\Local\JetBrains\IdeaIC2025.2\captureAgent\debugger-agent.jar=file:///C:/Users/itsly/AppData/Local/Temp/capture15034720914030174321.props --enable-preview -Dkotlinx.coroutines.debug.enable.creation.stack.trace=false -Ddebugger.agent.enable.coroutines=true -Dkotlinx.coroutines.debug.enable.flows.stack.trace=true -Dkotlinx.coroutines.debug.enable.mutable.state.flows.stack.trace=true -Dfile.encoding=UTF-8 
java_command: Start start
java_class_path (initial): C:\Users\itsly\Documents\GitHub\ModernFloyd\target\test-classes;C:\Users\itsly\Documents\GitHub\ModernFloyd\target\classes;C:\Users\itsly\.m2\repository\org\reflections\reflections\0.10.2\reflections-0.10.2.jar;C:\Users\itsly\.m2\repository\org\javassist\javassist\3.28.0-GA\javassist-3.28.0-GA.jar;C:\Users\itsly\.m2\repository\com\google\code\findbugs\jsr305\3.0.2\jsr305-3.0.2.jar;C:\Users\itsly\.m2\repository\org\slf4j\slf4j-api\1.7.32\slf4j-api-1.7.32.jar;C:\Users\itsly\.m2\repository\org\json\json\20250517\json-20250517.jar;C:\Users\itsly\Documents\GitHub\ModernFloyd\lib\ViaVersion-5.3.0-downgraded.jar;C:\Users\itsly\Documents\GitHub\ModernFloyd\lib\ViaBackwards-5.3.0-downgraded.jar;C:\Users\itsly\Documents\GitHub\ModernFloyd\lib\ViaRewind-4.0.6-downgraded.jar;C:\Users\itsly\.m2\repository\javax\vecmath\vecmath\1.5.2\vecmath-1.5.2.jar;C:\Users\itsly\.m2\repository\org\openjdk\nashorn\nashorn-core\15.7\nashorn-core-15.7.jar;C:\Users\itsly\.m2\repository\org\ow2\asm\asm\7.3.1\asm-7.3.1.jar;C:\Users\itsly\.m2\repository\org\ow2\asm\asm-commons\7.3.1\asm-commons-7.3.1.jar;C:\Users\itsly\.m2\repository\org\ow2\asm\asm-analysis\7.3.1\asm-analysis-7.3.1.jar;C:\Users\itsly\.m2\repository\org\ow2\asm\asm-tree\7.3.1\asm-tree-7.3.1.jar;C:\Users\itsly\.m2\repository\org\ow2\asm\asm-util\7.3.1\asm-util-7.3.1.jar;C:\Users\itsly\.m2\repository\org\projectlombok\lombok\1.18.42\lombok-1.18.42.jar;C:\Users\itsly\.m2\repository\com\mojang\netty\1.8.8\netty-1.8.8.jar;C:\Users\itsly\.m2\repository\oshi-project\oshi-core\1.1\oshi-core-1.1.jar;C:\Users\itsly\.m2\repository\net\java\dev\jna\jna\3.4.0\jna-3.4.0.jar;C:\Users\itsly\.m2\repository\net\java\dev\jna\platform\3.4.0\platform-3.4.0.jar;C:\Users\itsly\.m2\repository\com\ibm\icu\icu4j-core-mojang\51.2\icu4j-core-mojang-51.2.jar;C:\Users\itsly\.m2\repository\net\sf\jopt-simple\jopt-simple\4.6\jopt-simple-4.6.jar;C:\Users\itsly\.m2\repository\com\paulscode\codecjorbis\20101023\codecjorbis-20101023.jar;C:
Launcher Type: SUN_STANDARD

[Global flags]
     intx CICompilerCount                          = 12                                        {product} {ergonomic}
     uint ConcGCThreads                            = 3                                         {product} {ergonomic}
     uint G1ConcRefinementThreads                  = 13                                        {product} {ergonomic}
   size_t G1HeapRegionSize                         = 1048576                                   {product} {ergonomic}
    uintx GCDrainStackTargetSize                   = 64                                        {product} {ergonomic}
   size_t InitialHeapSize                          = 121634816                                 {product} {ergonomic}
   size_t MarkStackSize                            = 4194304                                   {product} {ergonomic}
   size_t MaxHeapSize                              = 1946157056                                {product} {ergonomic}
   size_t MaxNewSize                               = 1167065088                                {product} {ergonomic}
   size_t MinHeapDeltaBytes                        = 1048576                                   {product} {ergonomic}
   size_t MinHeapSize                              = 8388608                                   {product} {ergonomic}
    uintx NonNMethodCodeHeapSize                   = 7602480                                {pd product} {ergonomic}
    uintx NonProfiledCodeHeapSize                  = 122027880                              {pd product} {ergonomic}
    uintx ProfiledCodeHeapSize                     = 122027880                              {pd product} {ergonomic}
    uintx ReservedCodeCacheSize                    = 251658240                              {pd product} {ergonomic}
     bool SegmentedCodeCache                       = true                                      {product} {ergonomic}
   size_t SoftMaxHeapSize                          = 1946157056                             {manageable} {ergonomic}
     bool UseCompressedClassPointers               = true                           {product lp64_product} {ergonomic}
     bool UseCompressedOops                        = true                           {product lp64_product} {ergonomic}
     bool UseG1GC                                  = true                                      {product} {ergonomic}
     bool UseLargePagesIndividualAllocation        = false                                  {pd product} {ergonomic}

Logging:
Log output configuration:
 #0: stdout all=warning uptime,level,tags
 #1: stderr all=off uptime,level,tags

Environment Variables:
PATH=C:\Windows\system32;C:\Windows;C:\Windows\System32\Wbem;C:\Windows\System32\WindowsPowerShell\v1.0\;C:\Windows\System32\OpenSSH\;C:\Program Files (x86)\NVIDIA Corporation\PhysX\Common;C:\Program Files\NVIDIA Corporation\NVIDIA NvDLISR;C:\WINDOWS\system32;C:\WINDOWS;C:\WINDOWS\System32\Wbem;C:\WINDOWS\System32\WindowsPowerShell\v1.0\;C:\WINDOWS\System32\OpenSSH\;C:\Program Files\Git\cmd;C:\Users\itsly\AppData\Local\Microsoft\WindowsApps;C:\Users\itsly\AppData\Local\GitHubDesktop\bin
USERNAME=itsly
OS=Windows_NT
PROCESSOR_IDENTIFIER=AMD64 Family 25 Model 68 Stepping 1, AuthenticAMD
TMP=C:\Users\itsly\AppData\Local\Temp
TEMP=C:\Users\itsly\AppData\Local\Temp



Periodic native trim disabled


---------------  S Y S T E M  ---------------

OS:
 Windows 11 , 64 bit Build 26100 (10.0.26100.6725)
OS uptime: 0 days 13:32 hours

CPU: total 16 (initial active 16) (16 cores per cpu, 2 threads per core) family 25 model 68 stepping 1 microcode 0xa404101, cx8, cmov, fxsr, ht, mmx, 3dnowpref, sse, sse2, sse3, ssse3, sse4a, sse4.1, sse4.2, popcnt, lzcnt, tsc, tscinvbit, avx, avx2, aes, clmul, bmi1, bmi2, adx, sha, fma, vzeroupper, clflush, clflushopt
Processor Information for processor 0
  Max Mhz: 3201, Current Mhz: 3201, Mhz Limit: 3201
Processor Information for processor 1
  Max Mhz: 3201, Current Mhz: 3201, Mhz Limit: 3201
Processor Information for processor 2
  Max Mhz: 3201, Current Mhz: 3201, Mhz Limit: 3201
Processor Information for processor 3
  Max Mhz: 3201, Current Mhz: 3201, Mhz Limit: 3201
Processor Information for processor 4
  Max Mhz: 3201, Current Mhz: 2566, Mhz Limit: 3201
Processor Information for processor 5
  Max Mhz: 3201, Current Mhz: 2566, Mhz Limit: 3201
Processor Information for processor 6
  Max Mhz: 3201, Current Mhz: 3201, Mhz Limit: 3201
Processor Information for processor 7
  Max Mhz: 3201, Current Mhz: 2566, Mhz Limit: 3201
Processor Information for processor 8
  Max Mhz: 3201, Current Mhz: 3201, Mhz Limit: 3201
Processor Information for processor 9
  Max Mhz: 3201, Current Mhz: 3201, Mhz Limit: 3201
Processor Information for processor 10
  Max Mhz: 3201, Current Mhz: 3201, Mhz Limit: 3201
Processor Information for processor 11
  Max Mhz: 3201, Current Mhz: 3201, Mhz Limit: 3201
Processor Information for processor 12
  Max Mhz: 3201, Current Mhz: 3201, Mhz Limit: 3201
Processor Information for processor 13
  Max Mhz: 3201, Current Mhz: 2566, Mhz Limit: 3201
Processor Information for processor 14
  Max Mhz: 3201, Current Mhz: 2566, Mhz Limit: 3201
Processor Information for processor 15
  Max Mhz: 3201, Current Mhz: 3201, Mhz Limit: 3201

Memory: 4k page, system-wide physical 7421M (468M free)
TotalPageFile size 29924M (AvailPageFile size 61M)
current process WorkingSet (physical memory assigned to process): 967M, peak: 967M
current process commit charge ("private bytes"): 1784M, peak: 1946M

vm_info: OpenJDK 64-Bit Server VM (17.0.16+8-LTS) for windows-amd64 JRE (17.0.16+8-LTS), built on Jul 10 2025 00:24:24 by "MicrosoftCorporation" with unknown MS VC++:1944

END.
